# 環境情報
Emuera.NET 1.824+v24+EMv18+EEv55.25c23dc8f425347738783e5ef322561d48c9f155

# バリアント
GameBase未定義

# ログ

csv\_Rename.csvが見つかりません
TALENT.CSV読み込み中・・・
PALAM.CSV読み込み中・・・
ITEM.CSV読み込み中・・・
BASE.CSV読み込み中・・・
EQUIP.CSV読み込み中・・・
CFLAG.CSV読み込み中・・・
Chara0.csv読み込み中・・・
Chara1.csv読み込み中・・・
Chara2.csv読み込み中・・・
Chara3.csv読み込み中・・・
Chara4.csv読み込み中・・・
Chara5.csv読み込み中・・・
Chara6.csv読み込み中・・・
ASCII_MAP_EVENTS.ERB読み込み中・・・
ASCII_MAP_SYSTEM_NUMERIC.ERB読み込み中・・・
ASCII_MAP_SYSTEM.ERB読み込み中・・・
BASIC_SYSTEM_FUNCTIONS.ERB読み込み中・・・
BODY_GROWTH.ERB読み込み中・・・
CHARACTER_SWITCH_SYSTEM.ERB読み込み中・・・
CLOTHING_EVENTS.ERB読み込み中・・・
CLOTHING_SYSTEM.ERB読み込み中・・・
COMMON.ERB読み込み中・・・
DECLINE_SYSTEM.ERB読み込み中・・・
EVENTFIRST.ERB読み込み中・・・
EXPLORE.ERB読み込み中・・・
FEMALE_START.ERB読み込み中・・・
FOREIGN_STUDENT_EVENTS.ERB読み込み中・・・
ITEM_SYSTEM_NEW.ERB読み込み中・・・
ITEM_SYSTEM.ERB読み込み中・・・
MAIN_SYSTEM_INTEGRATED.ERB読み込み中・・・
MAIN_SYSTEM_WITH_CLOTHING.ERB読み込み中・・・
MAIN_SYSTEM_WITH_TATTOO.ERB読み込み中・・・
MALE_HOSPITAL.ERB読み込み中・・・
MAP_EVENTS_EXTENDED.ERB読み込み中・・・
MAP_EVENTS.ERB読み込み中・・・
MAP_SYSTEM.ERB読み込み中・・・
OPENING.ERB読み込み中・・・
PHOTO_CLUB_EVENTS.ERB読み込み中・・・
PRINCIPAL_SON_EVENTS.ERB読み込み中・・・
RELATIONSHIP_SYSTEM.ERB読み込み中・・・
SAVE_SYSTEM.ERB読み込み中・・・
STATUS_SYSTEM.ERB読み込み中・・・
SYSTEM_FUNCTIONS.ERB読み込み中・・・
SYSTEM.ERB読み込み中・・・
TATTOO_EVENTS.ERB読み込み中・・・
TATTOO_SPECIAL_EVENTS.ERB読み込み中・・・
TATTOO_SYSTEM.ERB読み込み中・・・
TITLE.ERB読み込み中・・・
WUHAO_EVENTS.ERB読み込み中・・・
警告Lv2:ASCII_MAP_EVENTS.ERB:12行目:解釈できない行です
		GOSUB GATE_ARRIVAL_EVENT
警告Lv2:ASCII_MAP_EVENTS.ERB:15行目:解釈できない行です
		GOSUB CLASSROOM_ARRIVAL_EVENT
警告Lv2:ASCII_MAP_EVENTS.ERB:18行目:解釈できない行です
		GOSUB DORM_ARRIVAL_EVENT
警告Lv2:ASCII_MAP_EVENTS.ERB:21行目:解釈できない行です
		GOSUB LIBRARY_ARRIVAL_EVENT
警告Lv2:ASCII_MAP_EVENTS.ERB:24行目:解釈できない行です
		GOSUB PLAYGROUND_ARRIVAL_EVENT
警告Lv2:ASCII_MAP_EVENTS.ERB:27行目:解釈できない行です
		GOSUB CAFETERIA_ARRIVAL_EVENT
警告Lv2:ASCII_MAP_EVENTS.ERB:30行目:解釈できない行です
		GOSUB GYM_ARRIVAL_EVENT
警告Lv2:ASCII_MAP_EVENTS.ERB:63行目:解釈できない行です
		GOSUB MEET_TEACHER_IN_HALLWAY
警告Lv2:ASCII_MAP_EVENTS.ERB:72行目:解釈できない行です
		GOSUB OVERHEAR_STUDENT_CONVERSATION
警告Lv2:ASCII_MAP_EVENTS.ERB:189行目:解釈できない行です
		GOSUB SEE_WUHAO_TRAINING
警告Lv2:ASCII_MAP_EVENTS.ERB:340行目:解釈できない行です
	GOSUB WUHAO_CLASSROOM_ENCOUNTER
警告Lv2:ASCII_MAP_EVENTS.ERB:345行目:解釈できない行です
	GOSUB TEACHER_CLASSROOM_ENCOUNTER
警告Lv2:ASCII_MAP_EVENTS.ERB:350行目:解釈できない行です
	GOSUB GIRLS_CLASSROOM_ENCOUNTER
警告Lv2:ASCII_MAP_EVENTS.ERB:396行目:解釈できない行です
	GOSUB READ_DIARY
警告Lv2:ASCII_MAP_EVENTS.ERB:409行目:解釈できない行です
	GOSUB ROOMMATE_CONVERSATION
警告Lv2:ASCII_MAP_EVENTS.ERB:422行目:解釈できない行です
	GOSUB TALK_WITH_WUHAO
警告Lv2:ASCII_MAP_SYSTEM_NUMERIC.ERB:27行目:解釈できない行です
				GOSUB DORM_ROOM_OPTIONS
警告Lv2:ASCII_MAP_SYSTEM_NUMERIC.ERB:33行目:解釈できない行です
				GOSUB VISIT_ROOMMATE
警告Lv2:ASCII_MAP_SYSTEM_NUMERIC.ERB:114行目:解釈できない行です
					GOSUB FIND_SOMEONE_ON_TRACK
警告Lv2:ASCII_MAP_SYSTEM_NUMERIC.ERB:137行目:解釈できない行です
					GOSUB MEET_WUHAO
警告Lv2:ASCII_MAP_SYSTEM_NUMERIC.ERB:196行目:解釈できない行です
					GOSUB WAIT_FOR_SOMEONE
警告Lv2:ASCII_MAP_SYSTEM.ERB:27行目:解釈できない行です
GOSUB DRAW_MAP_FRAME
警告Lv2:ASCII_MAP_SYSTEM.ERB:32行目:解釈できない行です
GOSUB SHOW_AVAILABLE_DESTINATIONS
警告Lv2:ASCII_MAP_SYSTEM.ERB:37行目:解釈できない行です
	GOSUB SHOW_LOCATION_OPTIONS
警告Lv2:ASCII_MAP_SYSTEM.ERB:70行目:解釈できない行です
		GOSUB DRAW_GATE_AREA_MAP
警告Lv2:ASCII_MAP_SYSTEM.ERB:72行目:解釈できない行です
		GOSUB DRAW_CLASSROOM_AREA_MAP
警告Lv2:ASCII_MAP_SYSTEM.ERB:74行目:解釈できない行です
		GOSUB DRAW_DORM_AREA_MAP
警告Lv2:ASCII_MAP_SYSTEM.ERB:76行目:解釈できない行です
		GOSUB DRAW_LIBRARY_AREA_MAP
警告Lv2:ASCII_MAP_SYSTEM.ERB:78行目:解釈できない行です
		GOSUB DRAW_PLAYGROUND_AREA_MAP
警告Lv2:ASCII_MAP_SYSTEM.ERB:80行目:解釈できない行です
		GOSUB DRAW_CAFETERIA_AREA_MAP
警告Lv2:ASCII_MAP_SYSTEM.ERB:297行目:命令で行が始まっていますが、命令の直後に半角スペース・タブ以外の文字が来ています
	CASEELSE: RETURNF "未知区域"
警告Lv2:ASCII_MAP_SYSTEM.ERB:316行目:解釈できない行です
		GOSUB PROCESS_LOCATION_ACTION, LOCAL:INDEX
警告Lv2:ASCII_MAP_SYSTEM.ERB:355行目:解釈できない行です
GOSUB TRIGGER_ARRIVAL_EVENT FROM ASCII_MAP_EVENTS
警告Lv2:ASCII_MAP_SYSTEM.ERB:386行目:解釈できない行です
					GOSUB MEET_CLASSMATES FROM ASCII_MAP_EVENTS
警告Lv2:ASCII_MAP_SYSTEM.ERB:406行目:解釈できない行です
				GOSUB TEACHER_TALK_EVENT FROM ASCII_MAP_EVENTS
警告Lv2:ASCII_MAP_SYSTEM.ERB:436行目:解釈できない行です
					GOSUB MEET_SOMEONE_IN_CLASSROOM FROM ASCII_MAP_EVENTS
警告Lv2:ASCII_MAP_SYSTEM.ERB:458行目:解釈できない行です
				GOSUB DORM_ROOM_OPTIONS FROM ASCII_MAP_EVENTS
警告Lv2:ASCII_MAP_SYSTEM.ERB:464行目:解釈できない行です
				GOSUB VISIT_ROOMMATE FROM ASCII_MAP_EVENTS
警告Lv2:ASCII_MAP_SYSTEM.ERB:541行目:解釈できない行です
					GOSUB FIND_SOMEONE_ON_TRACK FROM ASCII_MAP_EVENTS
警告Lv2:ASCII_MAP_SYSTEM.ERB:564行目:解釈できない行です
					GOSUB MEET_WUHAO FROM ASCII_MAP_EVENTS
警告Lv2:ASCII_MAP_SYSTEM.ERB:620行目:解釈できない行です
					GOSUB WAIT_FOR_SOMEONE FROM ASCII_MAP_EVENTS
警告Lv2:ASCII_MAP_SYSTEM.ERB:701行目:命令で行が始まっていますが、命令の直後に半角スペース・タブ以外の文字が来ています
			CASEELSE: LOCAL:COUNT = 0
警告Lv2:ASCII_MAP_SYSTEM.ERB:707行目:命令で行が始まっていますが、命令の直後に半角スペース・タブ以外の文字が来ています
			CASEELSE: LOCAL:COUNT = 0
警告Lv2:ASCII_MAP_SYSTEM.ERB:713行目:命令で行が始まっていますが、命令の直後に半角スペース・タブ以外の文字が来ています
			CASEELSE: LOCAL:COUNT = 0
警告Lv2:ASCII_MAP_SYSTEM.ERB:719行目:命令で行が始まっていますが、命令の直後に半角スペース・タブ以外の文字が来ています
			CASEELSE: LOCAL:COUNT = 0
警告Lv2:ASCII_MAP_SYSTEM.ERB:725行目:命令で行が始まっていますが、命令の直後に半角スペース・タブ以外の文字が来ています
			CASEELSE: LOCAL:COUNT = 0
警告Lv2:ASCII_MAP_SYSTEM.ERB:754行目:解釈できない行です
GOSUB SHOW_ASCII_MAP
警告Lv2:ASCII_MAP_SYSTEM.ERB:755行目:解釈できない行です
GOSUB PROCESS_MAP_INPUT
警告Lv2:BODY_GROWTH.ERB:391行目:解釈できない行です
	GOSUB CHECK_BREAST_GROWTH_TRIGGER
警告Lv2:BODY_GROWTH.ERB:392行目:解釈できない行です
	GOSUB CHECK_VAGINA_LOOSENING_TRIGGER
警告Lv2:CHARACTER_SWITCH_SYSTEM.ERB:181行目:解釈できない行です
	GOSUB SWITCH_TO_MALE_PROTAGONIST
警告Lv2:CHARACTER_SWITCH_SYSTEM.ERB:184行目:解釈できない行です
	GOSUB SWITCH_TO_FEMALE_PROTAGONIST
警告Lv2:CLOTHING_EVENTS.ERB:31行目:解釈できない行です
			GOSUB HARASSMENT_FLIRT
警告Lv2:CLOTHING_EVENTS.ERB:70行目:解釈できない行です
	GOSUB HARASSMENT_ESCALATION
警告Lv2:CLOTHING_EVENTS.ERB:111行目:解釈できない行です
			GOSUB HARASSMENT_PHYSICAL_CONTACT
警告Lv2:CLOTHING_EVENTS.ERB:140行目:解釈できない行です
	GOSUB CHEST_HARASSMENT_EVENT
警告Lv2:CLOTHING_EVENTS.ERB:142行目:解釈できない行です
	GOSUB CROTCH_HARASSMENT_EVENT
警告Lv2:CLOTHING_EVENTS.ERB:144行目:解釈できない行です
	GOSUB GENERAL_HARASSMENT_EVENT
警告Lv2:CLOTHING_EVENTS.ERB:183行目:解釈できない行です
	GOSUB CHEST_HARASSMENT_ESCALATION
警告Lv2:CLOTHING_EVENTS.ERB:304行目:解釈できない行です
	GOSUB STALKING_CONTINUATION
警告Lv2:CLOTHING_EVENTS.ERB:347行目:解釈できない行です
	GOSUB RANDOM_STALKING_EVENT
警告Lv2:CLOTHING_EVENTS.ERB:415行目:解釈できない行です
	GOSUB STALKING_CONTINUATION
警告Lv2:CLOTHING_EVENTS.ERB:438行目:解釈できない行です
	GOSUB STALKING_GROUP_HARASSMENT
警告Lv2:CLOTHING_EVENTS.ERB:440行目:解釈できない行です
	GOSUB STALKING_ADVANCED_HARASSMENT
警告Lv2:CLOTHING_EVENTS.ERB:442行目:解釈できない行です
	GOSUB STALKING_BASIC_HARASSMENT
警告Lv2:CLOTHING_EVENTS.ERB:494行目:解釈できない行です
	GOSUB BRA_REMOVAL_EVENT
警告Lv2:CLOTHING_EVENTS.ERB:547行目:解釈できない行です
	GOSUB PHOTO_HARASSMENT_EVENT
警告Lv2:CLOTHING_SYSTEM.ERB:551行目:解釈できない行です
	GOSUB TRIGGER_HARASSMENT_EVENT
警告Lv2:CLOTHING_SYSTEM.ERB:575行目:解釈できない行です
	GOSUB RANDOM_HARASSMENT_EVENT
警告Lv2:CLOTHING_SYSTEM.ERB:579行目:解釈できない行です
	GOSUB RANDOM_TOUCH_EVENT
警告Lv2:CLOTHING_SYSTEM.ERB:583行目:解釈できない行です
	GOSUB RANDOM_VERBAL_HARASSMENT
警告Lv2:CLOTHING_SYSTEM.ERB:587行目:解釈できない行です
	GOSUB RANDOM_STALKING_EVENT
警告Lv2:DECLINE_SYSTEM.ERB:294行目:解釈できない行です
		GOSUB NIGHT_MASTURBATION_EVENT
警告Lv2:DECLINE_SYSTEM.ERB:297行目:解釈できない行です
		GOSUB NIGHT_FANTASY_EVENT
警告Lv2:DECLINE_SYSTEM.ERB:300行目:解釈できない行です
		GOSUB NIGHT_SLEEPWALK_EVENT
警告Lv2:EXPLORE.ERB:280行目:解釈できない行です
				GOSUB ENTRANCE_MAIN_GATE
警告Lv2:EXPLORE.ERB:282行目:解釈できない行です
				GOSUB ENTRANCE_PLAZA
警告Lv2:EXPLORE.ERB:284行目:解釈できない行です
				GOSUB ENTRANCE_MONUMENT
警告Lv2:EXPLORE.ERB:286行目:解釈できない行です
				GOSUB ENTRANCE_BULLETIN
警告Lv2:EXPLORE.ERB:292行目:解釈できない行です
				GOSUB CLASSROOM_EVENT FROM MAP_EVENTS
警告Lv2:EXPLORE.ERB:294行目:解釈できない行です
				GOSUB TEACHER_OFFICE_EVENT FROM MAP_EVENTS
警告Lv2:EXPLORE.ERB:296行目:解釈できない行です
				GOSUB CLASSROOM_EVENT FROM MAP_EVENTS
警告Lv2:EXPLORE.ERB:300行目:解釈できない行です
		GOSUB DORM_EVENT FROM MAP_EVENTS
警告Lv2:EXPLORE.ERB:303行目:解釈できない行です
		GOSUB LIBRARY_EVENT FROM MAP_EVENTS
警告Lv2:EXPLORE.ERB:306行目:解釈できない行です
		GOSUB CAFETERIA_EVENT FROM MAP_EVENTS
警告Lv2:EXPLORE.ERB:309行目:解釈できない行です
		GOSUB PLAYGROUND_EVENT FROM MAP_EVENTS
警告Lv2:EXPLORE.ERB:313行目:解釈できない行です
		GOSUB LOCATION_EVENTS
警告Lv2:EXPLORE.ERB:329行目:解釈できない行です
		GOSUB TRIGGER_DETAILED_EVENT
警告Lv2:EXPLORE.ERB:414行目:解釈できない行です
	GOSUB EVENT_FOREIGN_STUDENT_CAFETERIA
警告Lv2:EXPLORE.ERB:431行目:解釈できない行です
	GOSUB EVENT_PLAYGROUND_HARASSMENT
警告Lv2:FOREIGN_STUDENT_EVENTS.ERB:9行目:解釈できない行です
	GOSUB FOREIGN_STUDENT_FIRST_MEETING
警告Lv2:FOREIGN_STUDENT_EVENTS.ERB:11行目:解釈できない行です
	GOSUB FOREIGN_STUDENT_FLIRTING
警告Lv2:FOREIGN_STUDENT_EVENTS.ERB:13行目:解釈できない行です
	GOSUB FOREIGN_STUDENT_AGGRESSIVE
警告Lv2:FOREIGN_STUDENT_EVENTS.ERB:15行目:解釈できない行です
	GOSUB FOREIGN_STUDENT_DOMINATION
警告Lv2:FOREIGN_STUDENT_EVENTS.ERB:102行目:解釈できない行です
			GOSUB FOREIGN_CAFE_DATE
警告Lv2:FOREIGN_STUDENT_EVENTS.ERB:165行目:解釈できない行です
			GOSUB FOREIGN_CAFE_ADVANCED
警告Lv2:FOREIGN_STUDENT_EVENTS.ERB:252行目:解釈できない行です
			GOSUB FOREIGN_DORM_SEX
警告Lv2:FOREIGN_STUDENT_EVENTS.ERB:369行目:解釈できない行です
	GOSUB FOREIGN_PUBLIC_HUMILIATION
警告Lv2:FOREIGN_STUDENT_EVENTS.ERB:403行目:解釈できない行です
GOSUB FOREIGN_GROUP_SEX
警告Lv2:MAIN_SYSTEM_INTEGRATED.ERB:38行目:解釈できない行です
	GOSUB EXPLORE_COLLEGE
警告Lv2:MAIN_SYSTEM_INTEGRATED.ERB:42行目:解釈できない行です
	GOSUB FIND_CHARACTER
警告Lv2:MAIN_SYSTEM_INTEGRATED.ERB:46行目:解釈できない行です
	GOSUB VIEW_STATUS
警告Lv2:MAIN_SYSTEM_INTEGRATED.ERB:50行目:解釈できない行です
	GOSUB VIEW_BODY_STATUS
警告Lv2:MAIN_SYSTEM_INTEGRATED.ERB:54行目:解釈できない行です
	GOSUB VIEW_DECLINE_STATUS
警告Lv2:MAIN_SYSTEM_INTEGRATED.ERB:58行目:解釈できない行です
	GOSUB REST
警告Lv2:MAIN_SYSTEM_INTEGRATED.ERB:88行目:解釈できない行です
			GOSUB MEET_ASAKA
警告Lv2:MAIN_SYSTEM_INTEGRATED.ERB:93行目:解釈できない行です
			GOSUB FIND_FEMALE_MALE_LINE
警告Lv2:MAIN_SYSTEM_INTEGRATED.ERB:96行目:解釈できない行です
			GOSUB FIND_OTHER_CHARACTERS
警告Lv2:MAIN_SYSTEM_INTEGRATED.ERB:100行目:解釈できない行です
		GOSUB MEET_WUHAO_ENHANCED
警告Lv2:MAIN_SYSTEM_INTEGRATED.ERB:103行目:解釈できない行です
		GOSUB MEET_TEACHER_ENHANCED
警告Lv2:MAIN_SYSTEM_INTEGRATED.ERB:106行目:解釈できない行です
		GOSUB MEET_STUDENT_PRESIDENT_ENHANCED
警告Lv2:MAIN_SYSTEM_INTEGRATED.ERB:109行目:解釈できない行です
		GOSUB MEET_FOREIGN_STUDENT
警告Lv2:MAIN_SYSTEM_INTEGRATED.ERB:112行目:解釈できない行です
		GOSUB MEET_PRINCIPAL_SON
警告Lv2:MAIN_SYSTEM_INTEGRATED.ERB:115行目:解釈できない行です
		GOSUB MEET_PHOTO_CLUB_FAT
警告Lv2:MAIN_SYSTEM_INTEGRATED.ERB:212行目:解釈できない行です
			GOSUB WUHAO_ROOM_EVENT
警告Lv2:MAIN_SYSTEM_INTEGRATED.ERB:226行目:解釈できない行です
	GOSUB WUHAO_ADVANCED_EVENT
警告Lv2:MAIN_SYSTEM_INTEGRATED.ERB:249行目:解釈できない行です
	GOSUB WUHAO_ROOM_HARASSMENT
警告Lv2:MAIN_SYSTEM_INTEGRATED.ERB:251行目:解釈できない行です
	GOSUB WUHAO_ROOM_SEX
警告Lv2:MAIN_SYSTEM_INTEGRATED.ERB:253行目:解釈できない行です
	GOSUB WUHAO_ROOM_TRAINING
警告Lv2:MAIN_SYSTEM_INTEGRATED.ERB:317行目:解釈できない行です
GOSUB DAILY_BODY_UPDATE
警告Lv2:MAIN_SYSTEM_INTEGRATED.ERB:326行目:解釈できない行です
	GOSUB DECLINE_NIGHT_EVENT
警告Lv2:MAIN_SYSTEM_INTEGRATED.ERB:330行目:解釈できない行です
GOSUB CHECK_EVENTS_ENHANCED
警告Lv2:MAIN_SYSTEM_INTEGRATED.ERB:395行目:解釈できない行です
GOSUB GET_BODY_STATUS
警告Lv2:MAIN_SYSTEM_WITH_CLOTHING.ERB:46行目:解釈できない行です
	GOSUB EXPLORE_COLLEGE_WITH_CLOTHING
警告Lv2:MAIN_SYSTEM_WITH_CLOTHING.ERB:50行目:解釈できない行です
	GOSUB FIND_CHARACTER
警告Lv2:MAIN_SYSTEM_WITH_CLOTHING.ERB:54行目:解釈できない行です
	GOSUB VIEW_STATUS_ENHANCED
警告Lv2:MAIN_SYSTEM_WITH_CLOTHING.ERB:58行目:解釈できない行です
	GOSUB VIEW_BODY_STATUS
警告Lv2:MAIN_SYSTEM_WITH_CLOTHING.ERB:62行目:解釈できない行です
	GOSUB VIEW_DECLINE_STATUS
警告Lv2:MAIN_SYSTEM_WITH_CLOTHING.ERB:66行目:解釈できない行です
	GOSUB VIEW_CLOTHING_STATUS
警告Lv2:MAIN_SYSTEM_WITH_CLOTHING.ERB:70行目:解釈できない行です
	GOSUB CHANGE_CLOTHING_MENU
警告Lv2:MAIN_SYSTEM_WITH_CLOTHING.ERB:74行目:解釈できない行です
	GOSUB REST_WITH_CLOTHING
警告Lv2:MAIN_SYSTEM_WITH_CLOTHING.ERB:84行目:解釈できない行です
GOSUB EXPLORE_COLLEGE
警告Lv2:MAIN_SYSTEM_WITH_CLOTHING.ERB:94行目:解釈できない行です
	GOSUB CLOTHING_RELATED_EVENT
警告Lv2:MAIN_SYSTEM_WITH_CLOTHING.ERB:105行目:解釈できない行です
	GOSUB CLOTHING_NOTICED_EVENT
警告Lv2:MAIN_SYSTEM_WITH_CLOTHING.ERB:108行目:解釈できない行です
	GOSUB CLOTHING_TALK_EVENT
警告Lv2:MAIN_SYSTEM_WITH_CLOTHING.ERB:111行目:解釈できない行です
	GOSUB CLOTHING_ACCIDENT_EVENT
警告Lv2:MAIN_SYSTEM_WITH_CLOTHING.ERB:114行目:解釈できない行です
	GOSUB CLOTHING_DAMAGE_EVENT
警告Lv2:MAIN_SYSTEM_WITH_CLOTHING.ERB:192行目:解釈できない行です
	GOSUB RANDOM_STALKING_EVENT
警告Lv2:MAIN_SYSTEM_WITH_CLOTHING.ERB:208行目:解釈できない行です
	GOSUB SKIRT_CAUGHT_EVENT
警告Lv2:MAIN_SYSTEM_WITH_CLOTHING.ERB:211行目:解釈できない行です
	GOSUB TOP_WET_EVENT
警告Lv2:MAIN_SYSTEM_WITH_CLOTHING.ERB:214行目:解釈できない行です
	GOSUB SHOE_PROBLEM_EVENT
警告Lv2:MAIN_SYSTEM_WITH_CLOTHING.ERB:318行目:解釈できない行です
	GOSUB TOP_DAMAGE_EVENT
警告Lv2:MAIN_SYSTEM_WITH_CLOTHING.ERB:321行目:解釈できない行です
	GOSUB SKIRT_DAMAGE_EVENT
警告Lv2:MAIN_SYSTEM_WITH_CLOTHING.ERB:447行目:解釈できない行です
GOSUB DAILY_BODY_UPDATE
警告Lv2:MAIN_SYSTEM_WITH_CLOTHING.ERB:450行目:解釈できない行です
GOSUB DAILY_CLOTHING_RESET
警告Lv2:MAIN_SYSTEM_WITH_CLOTHING.ERB:459行目:解釈できない行です
	GOSUB DECLINE_NIGHT_EVENT
警告Lv2:MAIN_SYSTEM_WITH_CLOTHING.ERB:463行目:解釈できない行です
GOSUB CHECK_EVENTS_ENHANCED
警告Lv2:MAIN_SYSTEM_WITH_CLOTHING.ERB:469行目:解釈できない行です
	GOSUB FOLLOWUP_HARASSMENT_EVENT
警告Lv2:MAIN_SYSTEM_WITH_CLOTHING.ERB:494行目:解釈できない行です
	GOSUB FOLLOWUP_ADVANCED_HARASSMENT
警告Lv2:MAIN_SYSTEM_WITH_CLOTHING.ERB:496行目:解釈できない行です
	GOSUB FOLLOWUP_BASIC_HARASSMENT
警告Lv2:MAIN_SYSTEM_WITH_TATTOO.ERB:53行目:解釈できない行です
	GOSUB EXPLORE_COLLEGE_WITH_TATTOO
警告Lv2:MAIN_SYSTEM_WITH_TATTOO.ERB:57行目:解釈できない行です
	GOSUB FIND_CHARACTER
警告Lv2:MAIN_SYSTEM_WITH_TATTOO.ERB:61行目:解釈できない行です
	GOSUB VIEW_STATUS_ENHANCED
警告Lv2:MAIN_SYSTEM_WITH_TATTOO.ERB:65行目:解釈できない行です
	GOSUB VIEW_BODY_STATUS
警告Lv2:MAIN_SYSTEM_WITH_TATTOO.ERB:69行目:解釈できない行です
	GOSUB VIEW_DECLINE_STATUS
警告Lv2:MAIN_SYSTEM_WITH_TATTOO.ERB:73行目:解釈できない行です
	GOSUB VIEW_CLOTHING_STATUS
警告Lv2:MAIN_SYSTEM_WITH_TATTOO.ERB:77行目:解釈できない行です
	GOSUB VIEW_TATTOO_STATUS
警告Lv2:MAIN_SYSTEM_WITH_TATTOO.ERB:81行目:解釈できない行です
	GOSUB CHANGE_CLOTHING_MENU
警告Lv2:MAIN_SYSTEM_WITH_TATTOO.ERB:85行目:解釈できない行です
	GOSUB REST_WITH_TATTOO
警告Lv2:MAIN_SYSTEM_WITH_TATTOO.ERB:95行目:解釈できない行です
GOSUB EXPLORE_COLLEGE_WITH_CLOTHING
警告Lv2:MAIN_SYSTEM_WITH_TATTOO.ERB:104行目:解釈できない行です
	GOSUB TATTOO_NOTICED_EVENT
警告Lv2:MAIN_SYSTEM_WITH_TATTOO.ERB:119行目:解釈できない行です
	GOSUB TATTOO_PUBLIC_REACTION
警告Lv2:MAIN_SYSTEM_WITH_TATTOO.ERB:122行目:解釈できない行です
	GOSUB TATTOO_TEACHER_REACTION
警告Lv2:MAIN_SYSTEM_WITH_TATTOO.ERB:125行目:解釈できない行です
	GOSUB TATTOO_DELINQUENT_REACTION
警告Lv2:MAIN_SYSTEM_WITH_TATTOO.ERB:161行目:解釈できない行です
		GOSUB RANDOM_HARASSMENT_EVENT
警告Lv2:MAIN_SYSTEM_WITH_TATTOO.ERB:207行目:解釈できない行です
GOSUB DAILY_BODY_UPDATE
警告Lv2:MAIN_SYSTEM_WITH_TATTOO.ERB:210行目:解釈できない行です
GOSUB DAILY_CLOTHING_RESET
警告Lv2:MAIN_SYSTEM_WITH_TATTOO.ERB:219行目:解釈できない行です
	GOSUB DECLINE_NIGHT_EVENT
警告Lv2:MAIN_SYSTEM_WITH_TATTOO.ERB:223行目:解釈できない行です
GOSUB CHECK_EVENTS_ENHANCED
警告Lv2:MAIN_SYSTEM_WITH_TATTOO.ERB:232行目:解釈できない行です
		GOSUB TATTOO_INFECTION_EVENT
警告Lv2:MAIN_SYSTEM_WITH_TATTOO.ERB:242行目:解釈できない行です
		GOSUB PIERCING_INFECTION_EVENT
警告Lv2:MAIN_SYSTEM_WITH_TATTOO.ERB:250行目:解釈できない行です
	GOSUB TATTOO_REMOVAL_PRESSURE_EVENT
警告Lv2:MAIN_SYSTEM_WITH_TATTOO.ERB:269行目:解釈できない行です
GOSUB CHECK_EVENTS_ENHANCED
警告Lv2:MALE_HOSPITAL.ERB:17行目:解釈できない行です
	GOSUB HOSPITAL_DAY_LOOP, LOCAL:0
警告Lv2:MALE_HOSPITAL.ERB:51行目:解釈できない行です
	GOSUB HOSPITAL_SEVERE_PERIOD, LOCAL
警告Lv2:MALE_HOSPITAL.ERB:54行目:解釈できない行です
	GOSUB HOSPITAL_RECOVERY_PERIOD, LOCAL
警告Lv2:MALE_HOSPITAL.ERB:57行目:解釈できない行です
	GOSUB HOSPITAL_CONVALESCENT_PERIOD, LOCAL
警告Lv2:MALE_HOSPITAL.ERB:75行目:解釈できない行です
	GOSUB CONTACT_FEMALE, LOCAL
警告Lv2:MALE_HOSPITAL.ERB:77行目:解釈できない行です
	GOSUB CONTACT_ORGANIZATION, LOCAL
警告Lv2:MALE_HOSPITAL.ERB:79行目:解釈できない行です
	GOSUB REST_HOSPITAL, LOCAL
警告Lv2:MALE_HOSPITAL.ERB:81行目:解釈できない行です
	GOSUB INQUIRE_INFO, LOCAL
警告Lv2:MALE_HOSPITAL.ERB:83行目:解釈できない行です
	GOSUB REHAB_TRAINING, LOCAL
警告Lv2:MALE_HOSPITAL.ERB:85行目:解釈できない行です
	GOSUB VIEW_HOSPITAL_STATUS, LOCAL
警告Lv2:MALE_HOSPITAL.ERB:148行目:解釈できない行です
	GOSUB RECEIVE_FEMALE_CALL, LOCAL
警告Lv2:MALE_HOSPITAL.ERB:150行目:解釈できない行です
	GOSUB RECEIVE_ORGANIZATION_REPORT, LOCAL
警告Lv2:MALE_HOSPITAL.ERB:152行目:解釈できない行です
	GOSUB HEAR_RUMORS, LOCAL
警告Lv2:MALE_HOSPITAL.ERB:177行目:解釈できない行です
	GOSUB PREPARE_EQUIPMENT, LOCAL
警告Lv2:MALE_HOSPITAL.ERB:179行目:解釈できない行です
	GOSUB RECEIVE_URGENT_MESSAGE, LOCAL
警告Lv2:MAP_EVENTS.ERB:13行目:解釈できない行です
	GOSUB CLASSMATE_STUDY_EVENT
警告Lv2:MAP_EVENTS.ERB:37行目:解釈できない行です
				GOSUB CLASSROOM_SEARCH_EVENT
警告Lv2:MAP_EVENTS.ERB:45行目:解釈できない行です
	GOSUB TEACHER_CLASSROOM_EVENT
警告Lv2:MAP_EVENTS.ERB:138行目:解釈できない行です
	GOSUB CLASSROOM_INTRUDER_EVENT
警告Lv2:MAP_EVENTS.ERB:193行目:解釈できない行です
	GOSUB LIBRARY_BOOK_EVENT
警告Lv2:MAP_EVENTS.ERB:196行目:解釈できない行です
	GOSUB LIBRARIAN_EVENT
警告Lv2:MAP_EVENTS.ERB:199行目:解釈できない行です
	GOSUB FORBIDDEN_BOOK_EVENT
警告Lv2:MAP_EVENTS.ERB:239行目:解釈できない行です
	GOSUB LIBRARIAN_CATCH_EVENT
警告Lv2:MAP_EVENTS.ERB:255行目:解釈できない行です
	GOSUB DORM_ADVANCED_EVENT
警告Lv2:MAP_EVENTS.ERB:257行目:解釈できない行です
	GOSUB DORM_NORMAL_EVENT
警告Lv2:MAP_EVENTS.ERB:259行目:解釈できない行です
	GOSUB DORM_BASIC_EVENT
警告Lv2:MAP_SYSTEM.ERB:270行目:解釈できない行です
	GOSUB MOVE_TO_LOCATION, RESULT - 1
警告Lv2:MAP_SYSTEM.ERB:339行目:解釈できない行です
	GOSUB TRIGGER_LOCATION_EVENT
警告Lv2:MAP_SYSTEM.ERB:357行目:解釈できない行です
			GOSUB MEET_CLASSMATE
警告Lv2:MAP_SYSTEM.ERB:360行目:解釈できない行です
			GOSUB CHECK_BULLETIN_BOARD
警告Lv2:MAP_SYSTEM.ERB:365行目:解釈できない行です
			GOSUB CLASSROOM_EVENT
警告Lv2:MAP_SYSTEM.ERB:367行目:解釈できない行です
			GOSUB TEACHER_OFFICE_EVENT
警告Lv2:MAP_SYSTEM.ERB:372行目:解釈できない行です
			GOSUB DORM_EVENT
警告Lv2:MAP_SYSTEM.ERB:374行目:解釈できない行です
			GOSUB BATH_EVENT
警告Lv2:MAP_SYSTEM.ERB:379行目:解釈できない行です
			GOSUB LIBRARY_EVENT
警告Lv2:MAP_SYSTEM.ERB:381行目:解釈できない行です
			GOSUB SECRET_BOOK_EVENT
警告Lv2:MAP_SYSTEM.ERB:386行目:解釈できない行です
			GOSUB SPORTS_EVENT
警告Lv2:MAP_SYSTEM.ERB:388行目:解釈できない行です
			GOSUB CHANGEROOM_EVENT
警告Lv2:MAP_SYSTEM.ERB:393行目:解釈できない行です
			GOSUB CAFETERIA_EVENT
警告Lv2:MAP_SYSTEM.ERB:395行目:解釈できない行です
			GOSUB KITCHEN_EVENT
警告Lv2:MAP_SYSTEM.ERB:400行目:解釈できない行です
			GOSUB GYM_EVENT
警告Lv2:MAP_SYSTEM.ERB:402行目:解釈できない行です
			GOSUB SWIMMING_EVENT
警告Lv2:MAP_SYSTEM.ERB:407行目:解釈できない行です
			GOSUB STUDENT_COUNCIL_EVENT
警告Lv2:MAP_SYSTEM.ERB:412行目:解釈できない行です
			GOSUB CLUB_EVENT
警告Lv2:MAP_SYSTEM.ERB:414行目:解釈できない行です
			GOSUB PHOTO_CLUB_EVENT
警告Lv2:MAP_SYSTEM.ERB:419行目:解釈できない行です
			GOSUB INFIRMARY_EVENT
警告Lv2:MAP_SYSTEM.ERB:421行目:解釈できない行です
			GOSUB NURSE_EVENT
警告Lv2:MAP_SYSTEM.ERB:426行目:解釈できない行です
			GOSUB PRINCIPAL_OFFICE_EVENT
警告Lv2:MAP_SYSTEM.ERB:428行目:解釈できない行です
			GOSUB FINANCE_EVENT
警告Lv2:MAP_SYSTEM.ERB:433行目:解釈できない行です
			GOSUB GARDEN_EVENT
警告Lv2:MAP_SYSTEM.ERB:435行目:解釈できない行です
			GOSUB SECRET_MEETING_EVENT
警告Lv2:MAP_SYSTEM.ERB:440行目:解釈できない行です
			GOSUB GATE_EVENT
警告Lv2:MAP_SYSTEM.ERB:442行目:解釈できない行です
			GOSUB CONVENIENCE_STORE_EVENT
警告Lv2:MAP_SYSTEM.ERB:447行目:解釈できない行です
			GOSUB ROOFTOP_EVENT
警告Lv2:MAP_SYSTEM.ERB:449行目:解釈できない行です
			GOSUB SECRET_MEETING_ROOFTOP
警告Lv2:MAP_SYSTEM.ERB:454行目:解釈できない行です
			GOSUB UNDERGROUND_EVENT
警告Lv2:MAP_SYSTEM.ERB:456行目:解釈できない行です
			GOSUB SECRET_ROOM_EVENT
警告Lv2:MAP_SYSTEM.ERB:461行目:解釈できない行です
			GOSUB MONSTER_EVENT
警告Lv2:MAP_SYSTEM.ERB:463行目:解釈できない行です
			GOSUB EXORCIST_EVENT
警告Lv2:MAP_SYSTEM.ERB:481行目:解釈できない行です
	FLAG:113 + LOCAL:2 |= (1 << LOCAL:3)
警告Lv2:PHOTO_CLUB_EVENTS.ERB:9行目:解釈できない行です
	GOSUB PHOTO_CLUB_INVITATION
警告Lv2:PHOTO_CLUB_EVENTS.ERB:11行目:解釈できない行です
	GOSUB PHOTO_CLUB_PHOTOGRAPHY
警告Lv2:PHOTO_CLUB_EVENTS.ERB:13行目:解釈できない行です
	GOSUB PHOTO_CLUB_BLACKMAIL
警告Lv2:PHOTO_CLUB_EVENTS.ERB:15行目:解釈できない行です
	GOSUB PHOTO_CLUB_ABUSE
警告Lv2:PHOTO_CLUB_EVENTS.ERB:111行目:解釈できない行です
			GOSUB PHOTO_CLUB_COSPLAY_SHOOT
警告Lv2:PHOTO_CLUB_EVENTS.ERB:186行目:解釈できない行です
			GOSUB PHOTO_CLUB_ADVANCED_SHOOT
警告Lv2:PHOTO_CLUB_EVENTS.ERB:303行目:解釈できない行です
			GOSUB PHOTO_CLUB_BLACKMAIL_SEX
警告Lv2:PHOTO_CLUB_EVENTS.ERB:422行目:解釈できない行です
	GOSUB PHOTO_CLUB_GROUP_ABUSE
警告Lv2:PRINCIPAL_SON_EVENTS.ERB:9行目:解釈できない行です
	GOSUB PRINCIPAL_SON_FIRST_MEETING
警告Lv2:PRINCIPAL_SON_EVENTS.ERB:11行目:解釈できない行です
	GOSUB PRINCIPAL_SON_THREATENING
警告Lv2:PRINCIPAL_SON_EVENTS.ERB:13行目:解釈できない行です
	GOSUB PRINCIPAL_SON_ABUSE_OF_POWER
警告Lv2:PRINCIPAL_SON_EVENTS.ERB:15行目:解釈できない行です
	GOSUB PRINCIPAL_SON_CORRUPTION
警告Lv2:PRINCIPAL_SON_EVENTS.ERB:181行目:解釈できない行です
			GOSUB PRINCIPAL_SON_SEXUAL_HARASSMENT
警告Lv2:PRINCIPAL_SON_EVENTS.ERB:326行目:解釈できない行です
			GOSUB PRINCIPAL_SON_PROSTITUTION
警告Lv1:SYSTEM_FUNCTIONS.ERB:66行目:関数名"MIN"はEmueraの式中関数を上書きします
@MIN, ARG:1, ARG:2
警告Lv1:SYSTEM_FUNCTIONS.ERB:75行目:関数名"MAX"はEmueraの式中関数を上書きします
@MAX, ARG:1, ARG:2
警告Lv1:SYSTEM_FUNCTIONS.ERB:85行目:関数名"RAND"はEmueraの式中関数を上書きします
@RAND, ARG:1
警告Lv2:SYSTEM.ERB:29行目:解釈できない行です
	GOSUB FIND_CHARACTER
警告Lv2:SYSTEM.ERB:33行目:解釈できない行です
	GOSUB VIEW_STATUS
警告Lv2:SYSTEM.ERB:37行目:解釈できない行です
	GOSUB REST
警告Lv2:SYSTEM.ERB:58行目:解釈できない行です
	GOSUB MEET_CLASSMATE
警告Lv2:SYSTEM.ERB:61行目:解釈できない行です
	GOSUB DETECT_MONSTER
警告Lv2:SYSTEM.ERB:84行目:解釈できない行です
			GOSUB MEET_ASAKA
警告Lv2:SYSTEM.ERB:88行目:解釈できない行です
		GOSUB MEET_FEMALE
警告Lv2:SYSTEM.ERB:91行目:解釈できない行です
		GOSUB MEET_WUHAO
警告Lv2:SYSTEM.ERB:94行目:解釈できない行です
		GOSUB MEET_TEACHER
警告Lv2:SYSTEM.ERB:97行目:解釈できない行です
		GOSUB MEET_STUDENT_PRESIDENT
警告Lv2:SYSTEM.ERB:139行目:解釈できない行です
GOSUB CHECK_EVENTS
警告Lv2:TATTOO_EVENTS.ERB:43行目:解釈できない行です
		GOSUB BLACK_TATTOO_EVENT
警告Lv2:TATTOO_EVENTS.ERB:46行目:解釈できない行です
		GOSUB GROUP_TATTOO_EVENT
警告Lv2:TATTOO_EVENTS.ERB:49行目:解釈できない行です
		GOSUB SM_TATTOO_EVENT
警告Lv2:TATTOO_EVENTS.ERB:354行目:解釈できない行です
	GOSUB RAPE_TATTOO_EVENT, 0
警告Lv2:TATTOO_EVENTS.ERB:369行目:解釈できない行です
		GOSUB RAPE_TATTOO_EVENT, 0
警告Lv2:TATTOO_EVENTS.ERB:377行目:解釈できない行です
	GOSUB HEAVY_TATTOO_EVENT
警告Lv2:TATTOO_EVENTS.ERB:393行目:解釈できない行です
	GOSUB TATTOO_SHOP_EVENT
警告Lv2:TATTOO_EVENTS.ERB:396行目:解釈できない行です
	GOSUB TATTOO_SISTER_EVENT
警告Lv2:TATTOO_EVENTS.ERB:399行目:解釈できない行です
	GOSUB AUTHORITY_TATTOO_EVENT
警告Lv2:TATTOO_EVENTS.ERB:442行目:解釈できない行です
			GOSUB TATTOO_REMOVAL_SEX
警告Lv2:TATTOO_EVENTS.ERB:504行目:解釈できない行です
			GOSUB JOIN_SISTER_GROUP
警告Lv2:TATTOO_SPECIAL_EVENTS.ERB:30行目:解釈できない行です
	GOSUB EXTREME_BLACK_TATTOO
警告Lv2:TATTOO_SPECIAL_EVENTS.ERB:32行目:解釈できない行です
	GOSUB HEAVY_BLACK_TATTOO
警告Lv2:TATTOO_SPECIAL_EVENTS.ERB:34行目:解釈できない行です
	GOSUB MODERATE_BLACK_TATTOO
警告Lv2:TATTOO_SPECIAL_EVENTS.ERB:36行目:解釈できない行です
	GOSUB BASIC_BLACK_TATTOO
警告Lv2:TATTOO_SPECIAL_EVENTS.ERB:125行目:解釈できない行です
		GOSUB BLACKMAIL_PHOTO_EVENT
警告Lv2:TATTOO_SPECIAL_EVENTS.ERB:135行目:解釈できない行です
		GOSUB CONTROL_PHOTO_EVENT
警告Lv2:TATTOO_SPECIAL_EVENTS.ERB:152行目:解釈できない行です
	GOSUB ONLINE_PHOTO_EVENT
警告Lv2:TATTOO_SPECIAL_EVENTS.ERB:192行目:解釈できない行です
			GOSUB POLICE_REPORT_EVENT
警告Lv2:TATTOO_SYSTEM.ERB:529行目:解釈できない行です
		GOSUB TRIGGER_SLAVE_EVENT
警告Lv2:TATTOO_SYSTEM.ERB:541行目:解釈できない行です
		GOSUB TRIGGER_PERVERT_EVENT
警告Lv2:TATTOO_SYSTEM.ERB:562行目:解釈できない行です
GOSUB RANDOM_HARASSMENT_EVENT
警告Lv2:TATTOO_SYSTEM.ERB:582行目:解釈できない行です
GOSUB PHOTO_HARASSMENT_EVENT
警告Lv2:TITLE.ERB:48行目:解釈できない行です
	END
警告Lv2:WUHAO_EVENTS.ERB:146行目:解釈できない行です
	GOSUB WUHAO_RAPE_EVENT
警告Lv2:WUHAO_EVENTS.ERB:280行目:解釈できない行です
	GOSUB GROUP_SEX_DETAILED
ユーザー定義関数のリストを構築中・・・
警告Lv2:COMMON.ERB:48行目:関数"@CHECK_NTR_CONDITION"の引数のエラー:"ARG_CHARACTER"は解釈できない識別子です
@CHECK_NTR_CONDITION(ARG_CHARACTER, ARG_THRESHOLD)
警告Lv2:COMMON.ERB:64行目:関数"@UPDATE_NTR_PROGRESS"の引数のエラー:"ARG_CHARACTER"は解釈できない識別子です
@UPDATE_NTR_PROGRESS(ARG_CHARACTER, ARG_VALUE)
スクリプトの構文チェック中・・・
警告Lv2:ASCII_MAP_SYSTEM.ERB:241行目:"HOUR"は解釈できない識別子です
LOCAL:HOUR = FLAG:803 / 60
警告Lv2:ASCII_MAP_SYSTEM.ERB:242行目:"MINUTE"は解釈できない識別子です
LOCAL:MINUTE = FLAG:803 % 60
警告Lv2:ASCII_MAP_SYSTEM.ERB:243行目:"WEEKDAY"は解釈できない識別子です
LOCAL:WEEKDAY = GET_WEEKDAY_NAME(FLAG:804)
警告Lv2:ASCII_MAP_SYSTEM.ERB:244行目:#FUNCTIONで始まる関数の戻り値に文字列型が指定されました
RETURNF "{LOCAL:HOUR,2,ZERO}:{LOCAL:MINUTE,2,ZERO} {LOCAL:WEEKDAY}"
警告Lv2:ASCII_MAP_SYSTEM.ERB:249行目:構文解釈中に予期しない記号":"を発見しました
	CASE 0: RETURNF "星期日"
警告Lv2:ASCII_MAP_SYSTEM.ERB:250行目:構文解釈中に予期しない記号":"を発見しました
	CASE 1: RETURNF "星期一"
警告Lv2:ASCII_MAP_SYSTEM.ERB:251行目:構文解釈中に予期しない記号":"を発見しました
	CASE 2: RETURNF "星期二"
警告Lv2:ASCII_MAP_SYSTEM.ERB:252行目:構文解釈中に予期しない記号":"を発見しました
	CASE 3: RETURNF "星期三"
警告Lv2:ASCII_MAP_SYSTEM.ERB:253行目:構文解釈中に予期しない記号":"を発見しました
	CASE 4: RETURNF "星期四"
警告Lv2:ASCII_MAP_SYSTEM.ERB:254行目:構文解釈中に予期しない記号":"を発見しました
	CASE 5: RETURNF "星期五"
警告Lv2:ASCII_MAP_SYSTEM.ERB:255行目:構文解釈中に予期しない記号":"を発見しました
	CASE 6: RETURNF "星期六"
警告Lv2:ASCII_MAP_SYSTEM.ERB:286行目:構文解釈中に予期しない記号":"を発見しました
	CASE 0: RETURNF "学院正门"
警告Lv2:ASCII_MAP_SYSTEM.ERB:287行目:構文解釈中に予期しない記号":"を発見しました
	CASE 1: RETURNF "教学楼"
警告Lv2:ASCII_MAP_SYSTEM.ERB:288行目:構文解釈中に予期しない記号":"を発見しました
	CASE 2: RETURNF "宿舍区"
警告Lv2:ASCII_MAP_SYSTEM.ERB:289行目:構文解釈中に予期しない記号":"を発見しました
	CASE 3: RETURNF "图书馆"
警告Lv2:ASCII_MAP_SYSTEM.ERB:290行目:構文解釈中に予期しない記号":"を発見しました
	CASE 4: RETURNF "操场"
警告Lv2:ASCII_MAP_SYSTEM.ERB:291行目:構文解釈中に予期しない記号":"を発見しました
	CASE 5: RETURNF "食堂"
警告Lv2:ASCII_MAP_SYSTEM.ERB:292行目:構文解釈中に予期しない記号":"を発見しました
	CASE 6: RETURNF "体育馆"
警告Lv2:ASCII_MAP_SYSTEM.ERB:293行目:構文解釈中に予期しない記号":"を発見しました
	CASE 7: RETURNF "学生会大楼"
警告Lv2:ASCII_MAP_SYSTEM.ERB:294行目:構文解釈中に予期しない記号":"を発見しました
	CASE 8: RETURNF "社团活动区"
警告Lv2:ASCII_MAP_SYSTEM.ERB:295行目:構文解釈中に予期しない記号":"を発見しました
	CASE 9: RETURNF "医务室"
警告Lv2:ASCII_MAP_SYSTEM.ERB:296行目:構文解釈中に予期しない記号":"を発見しました
	CASE 10: RETURNF "校长办公楼"
警告Lv2:ASCII_MAP_SYSTEM.ERB:700行目:予期しない代入演算子'='を発見しました(等価比較には'=='を使用してください)
			CASE 11, 12, 14, 15: LOCAL:COUNT = 3
警告Lv2:ASCII_MAP_SYSTEM.ERB:706行目:予期しない代入演算子'='を発見しました(等価比較には'=='を使用してください)
			CASE 21, 22: LOCAL:COUNT = 4
警告Lv2:ASCII_MAP_SYSTEM.ERB:712行目:予期しない代入演算子'='を発見しました(等価比較には'=='を使用してください)
			CASE 41, 42, 43: LOCAL:COUNT = 3
警告Lv2:ASCII_MAP_SYSTEM.ERB:718行目:予期しない代入演算子'='を発見しました(等価比較には'=='を使用してください)
			CASE 51, 52: LOCAL:COUNT = 3
警告Lv2:ASCII_MAP_SYSTEM.ERB:724行目:予期しない代入演算子'='を発見しました(等価比較には'=='を使用してください)
			CASE 61: LOCAL:COUNT = 4
警告Lv2:DECLINE_SYSTEM.ERB:228行目:"GET_CHARA_TALENT"は解釈できない識別子です
LOCAL += GET_CHARA_TALENT(1, 10) * 2
警告Lv2:DECLINE_SYSTEM.ERB:229行目:"GET_CHARA_TALENT"は解釈できない識別子です
LOCAL += GET_CHARA_TALENT(1, 11) * 2
警告Lv2:DECLINE_SYSTEM.ERB:230行目:"GET_CHARA_TALENT"は解釈できない識別子です
LOCAL += GET_CHARA_TALENT(1, 12) * 3
警告Lv2:DECLINE_SYSTEM.ERB:231行目:"GET_CHARA_TALENT"は解釈できない識別子です
LOCAL += GET_CHARA_TALENT(1, 13) * 1
警告Lv2:DECLINE_SYSTEM.ERB:232行目:"GET_CHARA_TALENT"は解釈できない識別子です
LOCAL += GET_CHARA_TALENT(1, 14) * 2
警告Lv2:DECLINE_SYSTEM.ERB:233行目:"GET_CHARA_TALENT"は解釈できない識別子です
LOCAL += GET_CHARA_TALENT(1, 15) * 3
警告Lv2:DECLINE_SYSTEM.ERB:234行目:"GET_CHARA_TALENT"は解釈できない識別子です
LOCAL += GET_CHARA_TALENT(1, 30) * 4
警告Lv2:DECLINE_SYSTEM.ERB:235行目:"GET_CHARA_TALENT"は解釈できない識別子です
LOCAL += GET_CHARA_TALENT(1, 31) * 4
警告Lv2:DECLINE_SYSTEM.ERB:236行目:"GET_CHARA_TALENT"は解釈できない識別子です
LOCAL += GET_CHARA_TALENT(1, 32) * 5
警告Lv2:DECLINE_SYSTEM.ERB:237行目:"GET_CHARA_TALENT"は解釈できない識別子です
LOCAL += GET_CHARA_TALENT(1, 35) * 5
警告Lv2:DECLINE_SYSTEM.ERB:238行目:"GET_CHARA_TALENT"は解釈できない識別子です
LOCAL += GET_CHARA_TALENT(1, 36) * 6
警告Lv2:DECLINE_SYSTEM.ERB:239行目:"GET_CHARA_TALENT"は解釈できない識別子です
LOCAL += GET_CHARA_TALENT(1, 50) * 1
警告Lv2:DECLINE_SYSTEM.ERB:240行目:"GET_CHARA_TALENT"は解釈できない識別子です
LOCAL += GET_CHARA_TALENT(1, 51) * 2
警告Lv2:DECLINE_SYSTEM.ERB:241行目:"GET_CHARA_TALENT"は解釈できない識別子です
LOCAL += GET_CHARA_TALENT(1, 52) * 1
警告Lv2:DECLINE_SYSTEM.ERB:242行目:"GET_CHARA_TALENT"は解釈できない識別子です
LOCAL += GET_CHARA_TALENT(1, 53) * 2
警告Lv2:DECLINE_SYSTEM.ERB:243行目:"GET_CHARA_TALENT"は解釈できない識別子です
LOCAL += GET_CHARA_TALENT(1, 54) * 3
警告Lv2:DECLINE_SYSTEM.ERB:244行目:"GET_CHARA_TALENT"は解釈できない識別子です
LOCAL += GET_CHARA_TALENT(1, 55) * 4
警告Lv2:BASIC_SYSTEM_FUNCTIONS.ERB:13行目:#FUNCTIONで始まる関数の戻り値に文字列型が指定されました
RETURNF "学院入口"  ; 默认位置
警告Lv2:EXPLORE.ERB:445行目:"FROM"は解釈できない識別子です
LOCAL = GET_MAP_BLOCK_NAME(FLAG:56, FLAG:112) FROM MAP_SYSTEM
警告Lv2:BASIC_SYSTEM_FUNCTIONS.ERB:18行目:#FUNCTIONで始まる関数の戻り値に文字列型が指定されました
RETURNF "无"  ; 默认无目标
警告Lv2:BODY_GROWTH.ERB:91行目:式が異常です
	CASE <= 10
警告Lv2:BODY_GROWTH.ERB:93行目:式が異常です
	CASE <= 20
警告Lv2:BODY_GROWTH.ERB:95行目:式が異常です
	CASE <= 30
警告Lv2:BODY_GROWTH.ERB:97行目:式が異常です
	CASE <= 40
警告Lv2:BODY_GROWTH.ERB:99行目:式が異常です
	CASE <= 50
警告Lv2:BODY_GROWTH.ERB:101行目:式が異常です
	CASE <= 60
警告Lv2:BODY_GROWTH.ERB:92行目:#FUNCTIONで始まる関数の戻り値に文字列型が指定されました
		RETURNF "贫乳"
警告Lv2:BODY_GROWTH.ERB:94行目:#FUNCTIONで始まる関数の戻り値に文字列型が指定されました
		RETURNF "微乳"
警告Lv2:BODY_GROWTH.ERB:96行目:#FUNCTIONで始まる関数の戻り値に文字列型が指定されました
		RETURNF "普通"
警告Lv2:BODY_GROWTH.ERB:98行目:#FUNCTIONで始まる関数の戻り値に文字列型が指定されました
		RETURNF "巨乳"
警告Lv2:BODY_GROWTH.ERB:100行目:#FUNCTIONで始まる関数の戻り値に文字列型が指定されました
		RETURNF "爆乳"
警告Lv2:BODY_GROWTH.ERB:102行目:#FUNCTIONで始まる関数の戻り値に文字列型が指定されました
		RETURNF "超乳"
警告Lv2:BODY_GROWTH.ERB:104行目:#FUNCTIONで始まる関数の戻り値に文字列型が指定されました
		RETURNF "怪物级"
警告Lv2:BODY_GROWTH.ERB:113行目:式が異常です
	CASE <= 5
警告Lv2:BODY_GROWTH.ERB:115行目:式が異常です
	CASE <= 15
警告Lv2:BODY_GROWTH.ERB:117行目:式が異常です
	CASE <= 25
警告Lv2:BODY_GROWTH.ERB:119行目:式が異常です
	CASE <= 35
警告Lv2:BODY_GROWTH.ERB:121行目:式が異常です
	CASE <= 45
警告Lv2:BODY_GROWTH.ERB:114行目:#FUNCTIONで始まる関数の戻り値に文字列型が指定されました
		RETURNF "处女级紧致"
警告Lv2:BODY_GROWTH.ERB:116行目:#FUNCTIONで始まる関数の戻り値に文字列型が指定されました
		RETURNF "普通紧致"
警告Lv2:BODY_GROWTH.ERB:118行目:#FUNCTIONで始まる関数の戻り値に文字列型が指定されました
		RETURNF "适度松弛"
警告Lv2:BODY_GROWTH.ERB:120行目:#FUNCTIONで始まる関数の戻り値に文字列型が指定されました
		RETURNF "明显松弛"
警告Lv2:BODY_GROWTH.ERB:122行目:#FUNCTIONで始まる関数の戻り値に文字列型が指定されました
		RETURNF "严重松弛"
警告Lv2:BODY_GROWTH.ERB:124行目:#FUNCTIONで始まる関数の戻り値に文字列型が指定されました
		RETURNF "洞窟级"
警告Lv2:BODY_GROWTH.ERB:133行目:式が異常です
	CASE >= 90
警告Lv2:BODY_GROWTH.ERB:135行目:式が異常です
	CASE >= 70
警告Lv2:BODY_GROWTH.ERB:137行目:式が異常です
	CASE >= 50
警告Lv2:BODY_GROWTH.ERB:139行目:式が異常です
	CASE >= 30
警告Lv2:BODY_GROWTH.ERB:141行目:式が異常です
	CASE >= 10
警告Lv2:BODY_GROWTH.ERB:134行目:#FUNCTIONで始まる関数の戻り値に文字列型が指定されました
		RETURNF "极致紧致"
警告Lv2:BODY_GROWTH.ERB:136行目:#FUNCTIONで始まる関数の戻り値に文字列型が指定されました
		RETURNF "非常紧致"
警告Lv2:BODY_GROWTH.ERB:138行目:#FUNCTIONで始まる関数の戻り値に文字列型が指定されました
		RETURNF "适度紧致"
警告Lv2:BODY_GROWTH.ERB:140行目:#FUNCTIONで始まる関数の戻り値に文字列型が指定されました
		RETURNF "轻微松弛"
警告Lv2:BODY_GROWTH.ERB:142行目:#FUNCTIONで始まる関数の戻り値に文字列型が指定されました
		RETURNF "明显松弛"
警告Lv2:BODY_GROWTH.ERB:144行目:#FUNCTIONで始まる関数の戻り値に文字列型が指定されました
		RETURNF "完全松弛"
警告Lv2:BODY_GROWTH.ERB:153行目:式が異常です
	CASE <= 5
警告Lv2:BODY_GROWTH.ERB:155行目:式が異常です
	CASE <= 15
警告Lv2:BODY_GROWTH.ERB:157行目:式が異常です
	CASE <= 25
警告Lv2:BODY_GROWTH.ERB:159行目:式が異常です
	CASE <= 35
警告Lv2:BODY_GROWTH.ERB:161行目:式が異常です
	CASE <= 45
警告Lv2:BODY_GROWTH.ERB:154行目:#FUNCTIONで始まる関数の戻り値に文字列型が指定されました
		RETURNF "处女肛门"
警告Lv2:BODY_GROWTH.ERB:156行目:#FUNCTIONで始まる関数の戻り値に文字列型が指定されました
		RETURNF "普通肛门"
警告Lv2:BODY_GROWTH.ERB:158行目:#FUNCTIONで始まる関数の戻り値に文字列型が指定されました
		RETURNF "适度扩张"
警告Lv2:BODY_GROWTH.ERB:160行目:#FUNCTIONで始まる関数の戻り値に文字列型が指定されました
		RETURNF "明显扩张"
警告Lv2:BODY_GROWTH.ERB:162行目:#FUNCTIONで始まる関数の戻り値に文字列型が指定されました
		RETURNF "严重扩张"
警告Lv2:BODY_GROWTH.ERB:164行目:#FUNCTIONで始まる関数の戻り値に文字列型が指定されました
		RETURNF "隧道级"
警告Lv2:BODY_GROWTH.ERB:173行目:式が異常です
	CASE <= 10
警告Lv2:BODY_GROWTH.ERB:175行目:式が異常です
	CASE <= 30
警告Lv2:BODY_GROWTH.ERB:177行目:式が異常です
	CASE <= 50
警告Lv2:BODY_GROWTH.ERB:179行目:式が異常です
	CASE <= 70
警告Lv2:BODY_GROWTH.ERB:181行目:式が異常です
	CASE <= 90
警告Lv2:BODY_GROWTH.ERB:174行目:#FUNCTIONで始まる関数の戻り値に文字列型が指定されました
		RETURNF "迟钝"
警告Lv2:BODY_GROWTH.ERB:176行目:#FUNCTIONで始まる関数の戻り値に文字列型が指定されました
		RETURNF "普通"
警告Lv2:BODY_GROWTH.ERB:178行目:#FUNCTIONで始まる関数の戻り値に文字列型が指定されました
		RETURNF "敏感"
警告Lv2:BODY_GROWTH.ERB:180行目:#FUNCTIONで始まる関数の戻り値に文字列型が指定されました
		RETURNF "非常敏感"
警告Lv2:BODY_GROWTH.ERB:182行目:#FUNCTIONで始まる関数の戻り値に文字列型が指定されました
		RETURNF "极度敏感"
警告Lv2:BODY_GROWTH.ERB:184行目:#FUNCTIONで始まる関数の戻り値に文字列型が指定されました
		RETURNF "超敏感"
警告Lv2:CHARACTER_SWITCH_SYSTEM.ERB:109行目:#FUNCTIONで始まる関数の戻り値に文字列型が指定されました
	RETURNF "柳如梦"
警告Lv2:CHARACTER_SWITCH_SYSTEM.ERB:111行目:#FUNCTIONで始まる関数の戻り値に文字列型が指定されました
	RETURNF "白清河"
警告Lv2:CHARACTER_SWITCH_SYSTEM.ERB:113行目:#FUNCTIONで始まる関数の戻り値に文字列型が指定されました
	RETURNF "未选择"
警告Lv2:CHARACTER_SWITCH_SYSTEM.ERB:120行目:#FUNCTIONで始まる関数の戻り値に文字列型が指定されました
	RETURNF "如梦"
警告Lv2:CHARACTER_SWITCH_SYSTEM.ERB:122行目:#FUNCTIONで始まる関数の戻り値に文字列型が指定されました
	RETURNF "清河"
警告Lv2:CHARACTER_SWITCH_SYSTEM.ERB:124行目:#FUNCTIONで始まる関数の戻り値に文字列型が指定されました
	RETURNF "你"
警告Lv2:CLOTHING_SYSTEM.ERB:48行目:"OR"は解釈できない識別子です
IF FLAG:92 == 3 OR FLAG:93 == 3
警告Lv2:CLOTHING_SYSTEM.ERB:152行目:"GET_EQUIP"は解釈できない識別子です
LOCAL = GET_EQUIP(ARG:1)  ; 获取当前装备
警告Lv2:CLOTHING_SYSTEM.ERB:280行目:"GET_EQUIP"は解釈できない識別子です
IF GET_EQUIP(1) == 0 AND GET_EQUIP(13) == 0
警告Lv2:CLOTHING_SYSTEM.ERB:287行目:"GET_EQUIP"は解釈できない識別子です
	IF GET_EQUIP(11) == 0
警告Lv2:CLOTHING_SYSTEM.ERB:296行目:"GET_EQUIP"は解釈できない識別子です
	SELECTCASE GET_EQUIP(1)
警告Lv2:CLOTHING_SYSTEM.ERB:302行目:"GET_EQUIP"は解釈できない識別子です
ELSEIF GET_EQUIP(1) == 1308 OR GET_EQUIP(1) == 1309  ; 透明/开胸上衣
警告Lv2:CLOTHING_SYSTEM.ERB:327行目:"GET_EQUIP"は解釈できない識別子です
		IF GET_EQUIP(11) == 0  ; 没穿内衣
警告Lv2:CLOTHING_SYSTEM.ERB:344行目:"GET_EQUIP"は解釈できない識別子です
IF GET_EQUIP(2) == 0 AND GET_EQUIP(7) == 0 AND GET_EQUIP(8) == 0 AND GET_EQUIP(9) == 0
警告Lv2:CLOTHING_SYSTEM.ERB:351行目:"GET_EQUIP"は解釈できない識別子です
	IF GET_EQUIP(6) == 0
警告Lv2:CLOTHING_SYSTEM.ERB:360行目:"GET_EQUIP"は解釈できない識別子です
	SELECTCASE GET_EQUIP(2)
警告Lv2:CLOTHING_SYSTEM.ERB:366行目:"GET_EQUIP"は解釈できない識別子です
ELSEIF GET_EQUIP(2) == 907  ; 透明裙
警告Lv2:CLOTHING_SYSTEM.ERB:371行目:"GET_EQUIP"は解釈できない識別子です
IF GET_EQUIP(8) == 804  ; 开裆裤
警告Lv2:CLOTHING_SYSTEM.ERB:386行目:"GET_EQUIP"は解釈できない識別子です
		IF GET_EQUIP(6) == 0  ; 没穿内裤
警告Lv2:CLOTHING_SYSTEM.ERB:530行目:式が異常です
	CASE <= 30
警告Lv2:CLOTHING_SYSTEM.ERB:532行目:式が異常です
	CASE <= 60
警告Lv2:CLOTHING_SYSTEM.ERB:534行目:式が異常です
	CASE <= 90
警告Lv2:CLOTHING_SYSTEM.ERB:536行目:式が異常です
	CASE <= 120
警告Lv2:CLOTHING_SYSTEM.ERB:538行目:式が異常です
	CASE <= 150
警告Lv2:CLOTHING_SYSTEM.ERB:531行目:#FUNCTIONで始まる関数の戻り値に文字列型が指定されました
		RETURNF "保守"
警告Lv2:CLOTHING_SYSTEM.ERB:533行目:#FUNCTIONで始まる関数の戻り値に文字列型が指定されました
		RETURNF "普通"
警告Lv2:CLOTHING_SYSTEM.ERB:535行目:#FUNCTIONで始まる関数の戻り値に文字列型が指定されました
		RETURNF "性感"
警告Lv2:CLOTHING_SYSTEM.ERB:537行目:#FUNCTIONで始まる関数の戻り値に文字列型が指定されました
		RETURNF "非常性感"
警告Lv2:CLOTHING_SYSTEM.ERB:539行目:#FUNCTIONで始まる関数の戻り値に文字列型が指定されました
		RETURNF "极度诱惑"
警告Lv2:CLOTHING_SYSTEM.ERB:541行目:#FUNCTIONで始まる関数の戻り値に文字列型が指定されました
		RETURNF "令人无法抗拒"
警告Lv2:CLOTHING_SYSTEM.ERB:637行目:#FUNCTIONで始まる関数の戻り値に文字列型が指定されました
		RETURNF "无"
警告Lv2:CLOTHING_SYSTEM.ERB:641行目:#FUNCTIONで始まる関数の戻り値に文字列型が指定されました
		RETURNF "校服上衣"
警告Lv2:CLOTHING_SYSTEM.ERB:643行目:#FUNCTIONで始まる関数の戻り値に文字列型が指定されました
		RETURNF "衬衫"
警告Lv2:CLOTHING_SYSTEM.ERB:645行目:#FUNCTIONで始まる関数の戻り値に文字列型が指定されました
		RETURNF "透明上衣"
警告Lv2:CLOTHING_SYSTEM.ERB:647行目:#FUNCTIONで始まる関数の戻り値に文字列型が指定されました
		RETURNF "开胸上衣"
警告Lv2:CLOTHING_SYSTEM.ERB:649行目:#FUNCTIONで始まる関数の戻り値に文字列型が指定されました
		RETURNF "女仆装"
警告Lv2:CLOTHING_SYSTEM.ERB:653行目:#FUNCTIONで始まる関数の戻り値に文字列型が指定されました
		RETURNF "校服裙"
警告Lv2:CLOTHING_SYSTEM.ERB:655行目:#FUNCTIONで始まる関数の戻り値に文字列型が指定されました
		RETURNF "短裙"
警告Lv2:CLOTHING_SYSTEM.ERB:657行目:#FUNCTIONで始まる関数の戻り値に文字列型が指定されました
		RETURNF "迷你裙"
警告Lv2:CLOTHING_SYSTEM.ERB:659行目:#FUNCTIONで始まる関数の戻り値に文字列型が指定されました
		RETURNF "透明裙"
警告Lv2:CLOTHING_SYSTEM.ERB:663行目:#FUNCTIONで始まる関数の戻り値に文字列型が指定されました
		RETURNF "学生内衣"
警告Lv2:CLOTHING_SYSTEM.ERB:665行目:#FUNCTIONで始まる関数の戻り値に文字列型が指定されました
		RETURNF "蕾丝内衣"
警告Lv2:CLOTHING_SYSTEM.ERB:667行目:#FUNCTIONで始まる関数の戻り値に文字列型が指定されました
		RETURNF "情趣内衣"
警告Lv2:CLOTHING_SYSTEM.ERB:671行目:#FUNCTIONで始まる関数の戻り値に文字列型が指定されました
		RETURNF "学生内裤"
警告Lv2:CLOTHING_SYSTEM.ERB:673行目:#FUNCTIONで始まる関数の戻り値に文字列型が指定されました
		RETURNF "蕾丝内裤"
警告Lv2:CLOTHING_SYSTEM.ERB:675行目:#FUNCTIONで始まる関数の戻り値に文字列型が指定されました
		RETURNF "透明内裤"
警告Lv2:CLOTHING_SYSTEM.ERB:679行目:#FUNCTIONで始まる関数の戻り値に文字列型が指定されました
		RETURNF "裸体围裙"
警告Lv2:CLOTHING_SYSTEM.ERB:681行目:#FUNCTIONで始まる関数の戻り値に文字列型が指定されました
		RETURNF "比基尼"
警告Lv2:CLOTHING_SYSTEM.ERB:684行目:#FUNCTIONで始まる関数の戻り値に文字列型が指定されました
		RETURNF "未知服装"
警告Lv2:CLOTHING_SYSTEM.ERB:692行目:#FUNCTIONで始まる関数の戻り値に文字列型が指定されました
		RETURNF "正常"
警告Lv2:CLOTHING_SYSTEM.ERB:694行目:#FUNCTIONで始まる関数の戻り値に文字列型が指定されました
		RETURNF "掀开"
警告Lv2:CLOTHING_SYSTEM.ERB:696行目:#FUNCTIONで始まる関数の戻り値に文字列型が指定されました
		RETURNF "湿透"
警告Lv2:CLOTHING_SYSTEM.ERB:698行目:#FUNCTIONで始まる関数の戻り値に文字列型が指定されました
		RETURNF "破损"
警告Lv2:CLOTHING_SYSTEM.ERB:700行目:#FUNCTIONで始まる関数の戻り値に文字列型が指定されました
		RETURNF "脱掉"
警告Lv2:CLOTHING_SYSTEM.ERB:702行目:#FUNCTIONで始まる関数の戻り値に文字列型が指定されました
		RETURNF "正常"
警告Lv2:CLOTHING_SYSTEM.ERB:710行目:#FUNCTIONで始まる関数の戻り値に文字列型が指定されました
		RETURNF "完全遮挡"
警告Lv2:CLOTHING_SYSTEM.ERB:712行目:#FUNCTIONで始まる関数の戻り値に文字列型が指定されました
		RETURNF "若隐若现"
警告Lv2:CLOTHING_SYSTEM.ERB:714行目:#FUNCTIONで始まる関数の戻り値に文字列型が指定されました
		RETURNF "部分裸露"
警告Lv2:CLOTHING_SYSTEM.ERB:716行目:#FUNCTIONで始まる関数の戻り値に文字列型が指定されました
		RETURNF "完全裸露"
警告Lv2:CLOTHING_SYSTEM.ERB:718行目:#FUNCTIONで始まる関数の戻り値に文字列型が指定されました
		RETURNF "完全遮挡"
警告Lv2:COMMON.ERB:23行目:式が異常です
	RETURNF %NAME:0%
警告Lv2:COMMON.ERB:25行目:式が異常です
	RETURNF %NAME:1%
警告Lv2:COMMON.ERB:27行目:式が異常です
	RETURNF %NAME:2%
警告Lv2:COMMON.ERB:29行目:式が異常です
	RETURNF %NAME:3%
警告Lv2:COMMON.ERB:37行目:GETNUM関数: 第2引数は文字列ではありません
RETURNF GETNUM(BASE, ARG)
警告Lv2:COMMON.ERB:41行目:GETNUM関数: 第2引数は文字列ではありません
RETURNF GETNUM(PALAM, ARG)
警告Lv2:COMMON.ERB:45行目:GETNUM関数: 第2引数は文字列ではありません
RETURNF GETNUM(CFLAG, ARG)
警告Lv2:COMMON.ERB:50行目:"ARG_CHARACTER"は解釈できない識別子です
SELECTCASE ARG_CHARACTER
警告Lv2:COMMON.ERB:52行目:"ARG_THRESHOLD"は解釈できない識別子です
		IF FLAG:75 >= ARG_THRESHOLD || FLAG:76 >= ARG_THRESHOLD || FLAG:77 >= ARG_THRESHOLD  ; NTR进度
警告Lv2:COMMON.ERB:57行目:"ARG_THRESHOLD"は解釈できない識別子です
		IF LOCAL >= ARG_THRESHOLD
警告Lv2:DECLINE_SYSTEM.ERB:79行目:"GET_CHARA_TALENT"は解釈できない識別子です
LOCAL = GET_CHARA_TALENT(1, ARG:1)
警告Lv2:DECLINE_SYSTEM.ERB:82行目:式が異常です
	CASE <= 10
警告Lv2:DECLINE_SYSTEM.ERB:84行目:式が異常です
	CASE <= 30
警告Lv2:DECLINE_SYSTEM.ERB:86行目:式が異常です
	CASE <= 60
警告Lv2:DECLINE_SYSTEM.ERB:88行目:式が異常です
	CASE <= 90
警告Lv2:DECLINE_SYSTEM.ERB:129行目:式が異常です
	RETURNF %LOCALS%
警告Lv2:DECLINE_SYSTEM.ERB:131行目:字句解析中に予期しない文字'{'を発見しました
	RETURNF %LOCALS%等{LOCAL}项异常
警告Lv2:DECLINE_SYSTEM.ERB:127行目:#FUNCTIONで始まる関数の戻り値に文字列型が指定されました
	RETURNF "纯洁状态"
警告Lv2:EXPLORE.ERB:254行目:"LOCALBIT"は解釈できない識別子です
LOCALBIT = 1 << (ARG:1 * 8 + ARG:2)
警告Lv2:EXPLORE.ERB:255行目:"LOCALBIT"は解釈できない識別子です
FLAG:113 = FLAG:113 | LOCALBIT  ; 设置探索位
警告Lv2:EXPLORE.ERB:256行目:"LOCALBIT"は解釈できない識別子です
RETURNF LOCALBIT
警告Lv2:EXPLORE.ERB:262行目:"LOCALTEMP"は解釈できない識別子です
LOCALTEMP = FLAG:113
警告Lv2:EXPLORE.ERB:265行目:"LOCALI"は解釈できない識別子です
FOR LOCALI, 0, 31
警告Lv2:EXPLORE.ERB:266行目:"LOCALTEMP"は解釈できない識別子です
	IF LOCALTEMP & 1
警告Lv2:EXPLORE.ERB:269行目:"LOCALTEMP"は解釈できない識別子です
	LOCALTEMP >>= 1
警告Lv2:EXPLORE.ERB:270行目:対応する"FOR"の無い"NEXT"文です
NEXT
警告Lv2:MAP_SYSTEM.ERB:39行目:#FUNCTIONで始まる関数の戻り値に文字列型が指定されました
				RETURNF "学院正门"
警告Lv2:MAP_SYSTEM.ERB:41行目:#FUNCTIONで始まる関数の戻り値に文字列型が指定されました
				RETURNF "入口广场"
警告Lv2:MAP_SYSTEM.ERB:43行目:#FUNCTIONで始まる関数の戻り値に文字列型が指定されました
				RETURNF "学院石碑"
警告Lv2:MAP_SYSTEM.ERB:45行目:#FUNCTIONで始まる関数の戻り値に文字列型が指定されました
				RETURNF "公告栏"
警告Lv2:MAP_SYSTEM.ERB:47行目:#FUNCTIONで始まる関数の戻り値に文字列型が指定されました
				RETURNF "学院入口"
警告Lv2:MAP_SYSTEM.ERB:53行目:#FUNCTIONで始まる関数の戻り値に文字列型が指定されました
				RETURNF "1楼走廊"
警告Lv2:MAP_SYSTEM.ERB:55行目:#FUNCTIONで始まる関数の戻り値に文字列型が指定されました
				RETURNF "2楼走廊"
警告Lv2:MAP_SYSTEM.ERB:57行目:#FUNCTIONで始まる関数の戻り値に文字列型が指定されました
				RETURNF "3楼走廊"
警告Lv2:MAP_SYSTEM.ERB:59行目:#FUNCTIONで始まる関数の戻り値に文字列型が指定されました
				RETURNF "教师办公室"
警告Lv2:MAP_SYSTEM.ERB:61行目:#FUNCTIONで始まる関数の戻り値に文字列型が指定されました
				RETURNF "空教室"
警告Lv2:MAP_SYSTEM.ERB:63行目:#FUNCTIONで始まる関数の戻り値に文字列型が指定されました
				RETURNF "化学实验室"
警告Lv2:MAP_SYSTEM.ERB:65行目:#FUNCTIONで始まる関数の戻り値に文字列型が指定されました
				RETURNF "生物实验室"
警告Lv2:MAP_SYSTEM.ERB:67行目:#FUNCTIONで始まる関数の戻り値に文字列型が指定されました
				RETURNF "美术教室"
警告Lv2:MAP_SYSTEM.ERB:69行目:#FUNCTIONで始まる関数の戻り値に文字列型が指定されました
				RETURNF "音乐教室"
警告Lv2:MAP_SYSTEM.ERB:71行目:#FUNCTIONで始まる関数の戻り値に文字列型が指定されました
				RETURNF "教学楼"
警告Lv2:MAP_SYSTEM.ERB:77行目:#FUNCTIONで始まる関数の戻り値に文字列型が指定されました
				RETURNF "女生宿舍楼"
警告Lv2:MAP_SYSTEM.ERB:79行目:#FUNCTIONで始まる関数の戻り値に文字列型が指定されました
				RETURNF "男生宿舍楼"
警告Lv2:MAP_SYSTEM.ERB:81行目:#FUNCTIONで始まる関数の戻り値に文字列型が指定されました
				RETURNF "留学生宿舍"
警告Lv2:MAP_SYSTEM.ERB:83行目:#FUNCTIONで始まる関数の戻り値に文字列型が指定されました
				RETURNF "宿舍管理员室"
警告Lv2:MAP_SYSTEM.ERB:85行目:#FUNCTIONで始まる関数の戻り値に文字列型が指定されました
				RETURNF "公共浴室"
警告Lv2:MAP_SYSTEM.ERB:87行目:#FUNCTIONで始まる関数の戻り値に文字列型が指定されました
				RETURNF "洗衣房"
警告Lv2:MAP_SYSTEM.ERB:89行目:#FUNCTIONで始まる関数の戻り値に文字列型が指定されました
				RETURNF "宿舍天台"
警告Lv2:MAP_SYSTEM.ERB:91行目:#FUNCTIONで始まる関数の戻り値に文字列型が指定されました
				RETURNF "宿舍走廊"
警告Lv2:MAP_SYSTEM.ERB:93行目:#FUNCTIONで始まる関数の戻り値に文字列型が指定されました
				RETURNF "宿舍区"
警告Lv2:MAP_SYSTEM.ERB:99行目:#FUNCTIONで始まる関数の戻り値に文字列型が指定されました
				RETURNF "一楼阅览室"
警告Lv2:MAP_SYSTEM.ERB:101行目:#FUNCTIONで始まる関数の戻り値に文字列型が指定されました
				RETURNF "二楼自习室"
警告Lv2:MAP_SYSTEM.ERB:103行目:#FUNCTIONで始まる関数の戻り値に文字列型が指定されました
				RETURNF "地下书库"
警告Lv2:MAP_SYSTEM.ERB:105行目:#FUNCTIONで始まる関数の戻り値に文字列型が指定されました
				RETURNF "管理员办公室"
警告Lv2:MAP_SYSTEM.ERB:107行目:#FUNCTIONで始まる関数の戻り値に文字列型が指定されました
				RETURNF "古籍区"
警告Lv2:MAP_SYSTEM.ERB:109行目:#FUNCTIONで始まる関数の戻り値に文字列型が指定されました
				RETURNF "杂志区"
警告Lv2:MAP_SYSTEM.ERB:111行目:#FUNCTIONで始まる関数の戻り値に文字列型が指定されました
				RETURNF "电子阅览区"
警告Lv2:MAP_SYSTEM.ERB:113行目:#FUNCTIONで始まる関数の戻り値に文字列型が指定されました
				RETURNF "图书馆"
警告Lv2:MAP_SYSTEM.ERB:119行目:#FUNCTIONで始まる関数の戻り値に文字列型が指定されました
				RETURNF "田径场"
警告Lv2:MAP_SYSTEM.ERB:121行目:#FUNCTIONで始まる関数の戻り値に文字列型が指定されました
				RETURNF "篮球场"
警告Lv2:MAP_SYSTEM.ERB:123行目:#FUNCTIONで始まる関数の戻り値に文字列型が指定されました
				RETURNF "排球场"
警告Lv2:MAP_SYSTEM.ERB:125行目:#FUNCTIONで始まる関数の戻り値に文字列型が指定されました
				RETURNF "足球场"
警告Lv2:MAP_SYSTEM.ERB:127行目:#FUNCTIONで始まる関数の戻り値に文字列型が指定されました
				RETURNF "器材室"
警告Lv2:MAP_SYSTEM.ERB:129行目:#FUNCTIONで始まる関数の戻り値に文字列型が指定されました
				RETURNF "看台"
警告Lv2:MAP_SYSTEM.ERB:131行目:#FUNCTIONで始まる関数の戻り値に文字列型が指定されました
				RETURNF "更衣室"
警告Lv2:MAP_SYSTEM.ERB:133行目:#FUNCTIONで始まる関数の戻り値に文字列型が指定されました
				RETURNF "操场"
警告Lv2:MAP_SYSTEM.ERB:139行目:#FUNCTIONで始まる関数の戻り値に文字列型が指定されました
				RETURNF "一楼大厅"
警告Lv2:MAP_SYSTEM.ERB:141行目:#FUNCTIONで始まる関数の戻り値に文字列型が指定されました
				RETURNF "二楼包间"
警告Lv2:MAP_SYSTEM.ERB:143行目:#FUNCTIONで始まる関数の戻り値に文字列型が指定されました
				RETURNF "厨房"
警告Lv2:MAP_SYSTEM.ERB:145行目:#FUNCTIONで始まる関数の戻り値に文字列型が指定されました
				RETURNF "员工休息室"
警告Lv2:MAP_SYSTEM.ERB:147行目:#FUNCTIONで始まる関数の戻り値に文字列型が指定されました
				RETURNF "后厨"
警告Lv2:MAP_SYSTEM.ERB:149行目:#FUNCTIONで始まる関数の戻り値に文字列型が指定されました
				RETURNF "储藏室"
警告Lv2:MAP_SYSTEM.ERB:151行目:#FUNCTIONで始まる関数の戻り値に文字列型が指定されました
				RETURNF "食堂"
警告Lv2:MAP_SYSTEM.ERB:157行目:#FUNCTIONで始まる関数の戻り値に文字列型が指定されました
				RETURNF "主体育馆"
警告Lv2:MAP_SYSTEM.ERB:159行目:#FUNCTIONで始まる関数の戻り値に文字列型が指定されました
				RETURNF "健身房"
警告Lv2:MAP_SYSTEM.ERB:161行目:#FUNCTIONで始まる関数の戻り値に文字列型が指定されました
				RETURNF "游泳馆"
警告Lv2:MAP_SYSTEM.ERB:163行目:#FUNCTIONで始まる関数の戻り値に文字列型が指定されました
				RETURNF "淋浴间"
警告Lv2:MAP_SYSTEM.ERB:165行目:#FUNCTIONで始まる関数の戻り値に文字列型が指定されました
				RETURNF "器材仓库"
警告Lv2:MAP_SYSTEM.ERB:167行目:#FUNCTIONで始まる関数の戻り値に文字列型が指定されました
				RETURNF "更衣室"
警告Lv2:MAP_SYSTEM.ERB:169行目:#FUNCTIONで始まる関数の戻り値に文字列型が指定されました
				RETURNF "体育馆"
警告Lv2:MAP_SYSTEM.ERB:175行目:#FUNCTIONで始まる関数の戻り値に文字列型が指定されました
				RETURNF "学生会办公室"
警告Lv2:MAP_SYSTEM.ERB:177行目:#FUNCTIONで始まる関数の戻り値に文字列型が指定されました
				RETURNF "会议室"
警告Lv2:MAP_SYSTEM.ERB:179行目:#FUNCTIONで始まる関数の戻り値に文字列型が指定されました
				RETURNF "活动室"
警告Lv2:MAP_SYSTEM.ERB:181行目:#FUNCTIONで始まる関数の戻り値に文字列型が指定されました
				RETURNF "档案室"
警告Lv2:MAP_SYSTEM.ERB:183行目:#FUNCTIONで始まる関数の戻り値に文字列型が指定されました
				RETURNF "会长办公室"
警告Lv2:MAP_SYSTEM.ERB:185行目:#FUNCTIONで始まる関数の戻り値に文字列型が指定されました
				RETURNF "学生会大楼"
警告Lv2:MAP_SYSTEM.ERB:191行目:#FUNCTIONで始まる関数の戻り値に文字列型が指定されました
				RETURNF "摄影社活动室"
警告Lv2:MAP_SYSTEM.ERB:193行目:#FUNCTIONで始まる関数の戻り値に文字列型が指定されました
				RETURNF "文学社活动室"
警告Lv2:MAP_SYSTEM.ERB:195行目:#FUNCTIONで始まる関数の戻り値に文字列型が指定されました
				RETURNF "美术社活动室"
警告Lv2:MAP_SYSTEM.ERB:197行目:#FUNCTIONで始まる関数の戻り値に文字列型が指定されました
				RETURNF "音乐社活动室"
警告Lv2:MAP_SYSTEM.ERB:199行目:#FUNCTIONで始まる関数の戻り値に文字列型が指定されました
				RETURNF "茶道社活动室"
警告Lv2:MAP_SYSTEM.ERB:201行目:#FUNCTIONで始まる関数の戻り値に文字列型が指定されました
				RETURNF "空手道部道场"
警告Lv2:MAP_SYSTEM.ERB:203行目:#FUNCTIONで始まる関数の戻り値に文字列型が指定されました
				RETURNF "篮球部活动室"
警告Lv2:MAP_SYSTEM.ERB:205行目:#FUNCTIONで始まる関数の戻り値に文字列型が指定されました
				RETURNF "社团活动区"
警告Lv2:MAP_SYSTEM.ERB:211行目:#FUNCTIONで始まる関数の戻り値に文字列型が指定されました
				RETURNF "医务室"
警告Lv2:MAP_SYSTEM.ERB:213行目:#FUNCTIONで始まる関数の戻り値に文字列型が指定されました
				RETURNF "药品仓库"
警告Lv2:MAP_SYSTEM.ERB:215行目:#FUNCTIONで始まる関数の戻り値に文字列型が指定されました
				RETURNF "隔离病房"
警告Lv2:MAP_SYSTEM.ERB:217行目:#FUNCTIONで始まる関数の戻り値に文字列型が指定されました
				RETURNF "护士休息室"
警告Lv2:MAP_SYSTEM.ERB:219行目:#FUNCTIONで始まる関数の戻り値に文字列型が指定されました
				RETURNF "医务室"
警告Lv2:MAP_SYSTEM.ERB:225行目:#FUNCTIONで始まる関数の戻り値に文字列型が指定されました
				RETURNF "校长办公室"
警告Lv2:MAP_SYSTEM.ERB:227行目:#FUNCTIONで始まる関数の戻り値に文字列型が指定されました
				RETURNF "副校长办公室"
警告Lv2:MAP_SYSTEM.ERB:229行目:#FUNCTIONで始まる関数の戻り値に文字列型が指定されました
				RETURNF "教务处"
警告Lv2:MAP_SYSTEM.ERB:231行目:#FUNCTIONで始まる関数の戻り値に文字列型が指定されました
				RETURNF "财务处"
警告Lv2:MAP_SYSTEM.ERB:233行目:#FUNCTIONで始まる関数の戻り値に文字列型が指定されました
				RETURNF "档案室"
警告Lv2:MAP_SYSTEM.ERB:235行目:#FUNCTIONで始まる関数の戻り値に文字列型が指定されました
				RETURNF "校长办公楼"
警告Lv2:MAP_SYSTEM.ERB:239行目:#FUNCTIONで始まる関数の戻り値に文字列型が指定されました
		RETURNF "未知地点"
警告Lv2:MAP_SYSTEM.ERB:288行目:"CALL"命令は#FUNCTION中で使うことはできません
		CALL SET_AVAILABLE_OPTION, LOCAL:0, "教学楼"
警告Lv2:MAP_SYSTEM.ERB:290行目:"CALL"命令は#FUNCTION中で使うことはできません
		CALL SET_AVAILABLE_OPTION, LOCAL:0, "宿舍区"
警告Lv2:MAP_SYSTEM.ERB:292行目:"CALL"命令は#FUNCTION中で使うことはできません
		CALL SET_AVAILABLE_OPTION, LOCAL:0, "图书馆"
警告Lv2:MAP_SYSTEM.ERB:294行目:"CALL"命令は#FUNCTION中で使うことはできません
		CALL SET_AVAILABLE_OPTION, LOCAL:0, "操场"
警告Lv2:MAP_SYSTEM.ERB:296行目:"CALL"命令は#FUNCTION中で使うことはできません
		CALL SET_AVAILABLE_OPTION, LOCAL:0, "食堂"
警告Lv2:MAP_SYSTEM.ERB:301行目:"CALL"命令は#FUNCTION中で使うことはできません
		CALL SET_AVAILABLE_OPTION, LOCAL:0, "1楼走廊"
警告Lv2:MAP_SYSTEM.ERB:303行目:"CALL"命令は#FUNCTION中で使うことはできません
		CALL SET_AVAILABLE_OPTION, LOCAL:0, "2楼走廊"
警告Lv2:MAP_SYSTEM.ERB:305行目:"CALL"命令は#FUNCTION中で使うことはできません
		CALL SET_AVAILABLE_OPTION, LOCAL:0, "3楼走廊"
警告Lv2:MAP_SYSTEM.ERB:307行目:"CALL"命令は#FUNCTION中で使うことはできません
		CALL SET_AVAILABLE_OPTION, LOCAL:0, "教师办公室"
警告Lv2:MAP_SYSTEM.ERB:309行目:"CALL"命令は#FUNCTION中で使うことはできません
		CALL SET_AVAILABLE_OPTION, LOCAL:0, "空教室"
警告Lv2:MAP_SYSTEM.ERB:311行目:"CALL"命令は#FUNCTION中で使うことはできません
		CALL SET_AVAILABLE_OPTION, LOCAL:0, "返回学院入口"
警告Lv2:STATUS_SYSTEM.ERB:19行目:"DECLINE"は解釈できない識別子です
	LOCAL:DECLINE = CALL GET_TOTAL_DECLINE_LEVEL
警告Lv2:STATUS_SYSTEM.ERB:22行目:"DECLINE"は解釈できない識別子です
	IF LOCAL:DECLINE >= 20
警告Lv2:STATUS_SYSTEM.ERB:24行目:"DECLINE"は解釈できない識別子です
	ELSEIF LOCAL:DECLINE >= 40
警告Lv2:STATUS_SYSTEM.ERB:26行目:"DECLINE"は解釈できない識別子です
	ELSEIF LOCAL:DECLINE >= 60
警告Lv2:STATUS_SYSTEM.ERB:28行目:"DECLINE"は解釈できない識別子です
	ELSEIF LOCAL:DECLINE >= 80
警告Lv2:SYSTEM_FUNCTIONS.ERB:91行目:一次元変数"RAND"の引数が多すぎます
	RETURNF RAND:ARG:1  ; 使用内置RAND函数
警告Lv2:TATTOO_SYSTEM.ERB:114行目:#FUNCTIONで始まる関数の戻り値に文字列型が指定されました
		RETURNF "正字标记"
警告Lv2:TATTOO_SYSTEM.ERB:116行目:#FUNCTIONで始まる関数の戻り値に文字列型が指定されました
		RETURNF "奴隶编号"
警告Lv2:TATTOO_SYSTEM.ERB:118行目:#FUNCTIONで始まる関数の戻り値に文字列型が指定されました
		RETURNF "黑人专属"
警告Lv2:TATTOO_SYSTEM.ERB:120行目:#FUNCTIONで始まる関数の戻り値に文字列型が指定されました
		RETURNF "淫纹"
警告Lv2:TATTOO_SYSTEM.ERB:122行目:#FUNCTIONで始まる関数の戻り値に文字列型が指定されました
		RETURNF "媚黑标记"
警告Lv2:TATTOO_SYSTEM.ERB:124行目:#FUNCTIONで始まる関数の戻り値に文字列型が指定されました
		RETURNF "BBC纹身"
警告Lv2:TATTOO_SYSTEM.ERB:126行目:#FUNCTIONで始まる関数の戻り値に文字列型が指定されました
		RETURNF "QOS纹身"
警告Lv2:TATTOO_SYSTEM.ERB:128行目:#FUNCTIONで始まる関数の戻り値に文字列型が指定されました
		RETURNF "黑桃标记"
警告Lv2:TATTOO_SYSTEM.ERB:132行目:#FUNCTIONで始まる関数の戻り値に文字列型が指定されました
		RETURNF "手铐纹身"
警告Lv2:TATTOO_SYSTEM.ERB:134行目:#FUNCTIONで始まる関数の戻り値に文字列型が指定されました
		RETURNF "锁链纹身"
警告Lv2:TATTOO_SYSTEM.ERB:136行目:#FUNCTIONで始まる関数の戻り値に文字列型が指定されました
		RETURNF "主人名字缩写"
警告Lv2:TATTOO_SYSTEM.ERB:138行目:#FUNCTIONで始まる関数の戻り値に文字列型が指定されました
		RETURNF "黑人名字缩写"
警告Lv2:TATTOO_SYSTEM.ERB:142行目:#FUNCTIONで始まる関数の戻り値に文字列型が指定されました
		RETURNF "藤蔓纹身"
警告Lv2:TATTOO_SYSTEM.ERB:144行目:#FUNCTIONで始まる関数の戻り値に文字列型が指定されました
		RETURNF "蛇纹身"
警告Lv2:TATTOO_SYSTEM.ERB:146行目:#FUNCTIONで始まる関数の戻り値に文字列型が指定されました
		RETURNF "淫纹图案"
警告Lv2:TATTOO_SYSTEM.ERB:148行目:#FUNCTIONで始まる関数の戻り値に文字列型が指定されました
		RETURNF "黑色精子纹身"
警告Lv2:TATTOO_SYSTEM.ERB:150行目:#FUNCTIONで始まる関数の戻り値に文字列型が指定されました
		RETURNF "BBC崇拜纹身"
警告Lv2:TATTOO_SYSTEM.ERB:154行目:#FUNCTIONで始まる関数の戻り値に文字列型が指定されました
		RETURNF "蝴蝶纹身"
警告Lv2:TATTOO_SYSTEM.ERB:156行目:#FUNCTIONで始まる関数の戻り値に文字列型が指定されました
		RETURNF "玫瑰纹身"
警告Lv2:TATTOO_SYSTEM.ERB:158行目:#FUNCTIONで始まる関数の戻り値に文字列型が指定されました
		RETURNF "奴隶纹身"
警告Lv2:TATTOO_SYSTEM.ERB:160行目:#FUNCTIONで始まる関数の戻り値に文字列型が指定されました
		RETURNF "媚黑标语"
警告Lv2:TATTOO_SYSTEM.ERB:162行目:#FUNCTIONで始まる関数の戻り値に文字列型が指定されました
		RETURNF "Black Only"
警告Lv2:TATTOO_SYSTEM.ERB:166行目:#FUNCTIONで始まる関数の戻り値に文字列型が指定されました
		RETURNF "大面积淫纹"
警告Lv2:TATTOO_SYSTEM.ERB:168行目:#FUNCTIONで始まる関数の戻り値に文字列型が指定されました
		RETURNF "黑人名字全称"
警告Lv2:TATTOO_SYSTEM.ERB:170行目:#FUNCTIONで始まる関数の戻り値に文字列型が指定されました
		RETURNF "BBC Queen"
警告Lv2:TATTOO_SYSTEM.ERB:172行目:#FUNCTIONで始まる関数の戻り値に文字列型が指定されました
		RETURNF "黑桃皇后"
警告Lv2:TATTOO_SYSTEM.ERB:174行目:#FUNCTIONで始まる関数の戻り値に文字列型が指定されました
		RETURNF "轮奸纪念"
警告Lv2:TATTOO_SYSTEM.ERB:178行目:#FUNCTIONで始まる関数の戻り値に文字列型が指定されました
		RETURNF "低腰淫纹"
警告Lv2:TATTOO_SYSTEM.ERB:180行目:#FUNCTIONで始まる関数の戻り値に文字列型が指定されました
		RETURNF "Black Owned"
警告Lv2:TATTOO_SYSTEM.ERB:182行目:#FUNCTIONで始まる関数の戻り値に文字列型が指定されました
		RETURNF "黑人精子纹"
警告Lv2:TATTOO_SYSTEM.ERB:184行目:#FUNCTIONで始まる関数の戻り値に文字列型が指定されました
		RETURNF "正字计数"
警告Lv2:TATTOO_SYSTEM.ERB:188行目:#FUNCTIONで始まる関数の戻り値に文字列型が指定されました
		RETURNF "子宫位置淫纹"
警告Lv2:TATTOO_SYSTEM.ERB:190行目:#FUNCTIONで始まる関数の戻り値に文字列型が指定されました
		RETURNF "黑人专属标记"
警告Lv2:TATTOO_SYSTEM.ERB:192行目:#FUNCTIONで始まる関数の戻り値に文字列型が指定されました
		RETURNF "BBC Only"
警告Lv2:TATTOO_SYSTEM.ERB:194行目:#FUNCTIONで始まる関数の戻り値に文字列型が指定されました
		RETURNF "怀孕标记"
警告Lv2:TATTOO_SYSTEM.ERB:196行目:#FUNCTIONで始まる関数の戻り値に文字列型が指定されました
		RETURNF "精液池纹身"
警告Lv2:TATTOO_SYSTEM.ERB:200行目:#FUNCTIONで始まる関数の戻り値に文字列型が指定されました
		RETURNF "臀瓣淫纹"
警告Lv2:TATTOO_SYSTEM.ERB:202行目:#FUNCTIONで始まる関数の戻り値に文字列型が指定されました
		RETURNF "黑桃图案"
警告Lv2:TATTOO_SYSTEM.ERB:204行目:#FUNCTIONで始まる関数の戻り値に文字列型が指定されました
		RETURNF "正字计数"
警告Lv2:TATTOO_SYSTEM.ERB:206行目:#FUNCTIONで始まる関数の戻り値に文字列型が指定されました
		RETURNF "黑人手掌印"
警告Lv2:TATTOO_SYSTEM.ERB:208行目:#FUNCTIONで始まる関数の戻り値に文字列型が指定されました
		RETURNF "轮奸纪念日"
警告Lv2:TATTOO_SYSTEM.ERB:212行目:#FUNCTIONで始まる関数の戻り値に文字列型が指定されました
		RETURNF "正字计数"
警告Lv2:TATTOO_SYSTEM.ERB:214行目:#FUNCTIONで始まる関数の戻り値に文字列型が指定されました
		RETURNF "黑人数量标记"
警告Lv2:TATTOO_SYSTEM.ERB:216行目:#FUNCTIONで始まる関数の戻り値に文字列型が指定されました
		RETURNF "BBC Count"
警告Lv2:TATTOO_SYSTEM.ERB:218行目:#FUNCTIONで始まる関数の戻り値に文字列型が指定されました
		RETURNF "精液滴纹身"
警告Lv2:TATTOO_SYSTEM.ERB:220行目:#FUNCTIONで始まる関数の戻り値に文字列型が指定されました
		RETURNF "黑人名字列表"
警告Lv2:TATTOO_SYSTEM.ERB:224行目:#FUNCTIONで始まる関数の戻り値に文字列型が指定されました
		RETURNF "乳晕周围纹身"
警告Lv2:TATTOO_SYSTEM.ERB:226行目:#FUNCTIONで始まる関数の戻り値に文字列型が指定されました
		RETURNF "黑色精子环绕"
警告Lv2:TATTOO_SYSTEM.ERB:228行目:#FUNCTIONで始まる関数の戻り値に文字列型が指定されました
		RETURNF "BBC纹身"
警告Lv2:TATTOO_SYSTEM.ERB:230行目:#FUNCTIONで始まる関数の戻り値に文字列型が指定されました
		RETURNF "乳沟淫纹"
警告Lv2:TATTOO_SYSTEM.ERB:232行目:#FUNCTIONで始まる関数の戻り値に文字列型が指定されました
		RETURNF "乳头专属标记"
警告Lv2:TATTOO_SYSTEM.ERB:236行目:#FUNCTIONで始まる関数の戻り値に文字列型が指定されました
		RETURNF "乳头一圈纹身"
警告Lv2:TATTOO_SYSTEM.ERB:238行目:#FUNCTIONで始まる関数の戻り値に文字列型が指定されました
		RETURNF "黑色精子纹"
警告Lv2:TATTOO_SYSTEM.ERB:240行目:#FUNCTIONで始まる関数の戻り値に文字列型が指定されました
		RETURNF "BBC纹身"
警告Lv2:TATTOO_SYSTEM.ERB:242行目:#FUNCTIONで始まる関数の戻り値に文字列型が指定されました
		RETURNF "媚黑标记"
警告Lv2:TATTOO_SYSTEM.ERB:244行目:#FUNCTIONで始まる関数の戻り値に文字列型が指定されました
		RETURNF "乳头编号"
警告Lv2:TATTOO_SYSTEM.ERB:247行目:#FUNCTIONで始まる関数の戻り値に文字列型が指定されました
		RETURNF "未知纹身"
警告Lv2:TATTOO_SYSTEM.ERB:256行目:#FUNCTIONで始まる関数の戻り値に文字列型が指定されました
		RETURNF "普通乳环"
警告Lv2:TATTOO_SYSTEM.ERB:258行目:#FUNCTIONで始まる関数の戻り値に文字列型が指定されました
		RETURNF "银质乳环"
警告Lv2:TATTOO_SYSTEM.ERB:260行目:#FUNCTIONで始まる関数の戻り値に文字列型が指定されました
		RETURNF "金质乳环"
警告Lv2:TATTOO_SYSTEM.ERB:262行目:#FUNCTIONで始まる関数の戻り値に文字列型が指定されました
		RETURNF "钻石乳环"
警告Lv2:TATTOO_SYSTEM.ERB:264行目:#FUNCTIONで始まる関数の戻り値に文字列型が指定されました
		RETURNF "铃铛乳环"
警告Lv2:TATTOO_SYSTEM.ERB:266行目:#FUNCTIONで始まる関数の戻り値に文字列型が指定されました
		RETURNF "锁链乳环"
警告Lv2:TATTOO_SYSTEM.ERB:268行目:#FUNCTIONで始まる関数の戻り値に文字列型が指定されました
		RETURNF "黑桃乳环"
警告Lv2:TATTOO_SYSTEM.ERB:270行目:#FUNCTIONで始まる関数の戻り値に文字列型が指定されました
		RETURNF "BBC乳环"
警告Lv2:TATTOO_SYSTEM.ERB:272行目:#FUNCTIONで始まる関数の戻り値に文字列型が指定されました
		RETURNF "黑人专属乳环"
警告Lv2:TATTOO_SYSTEM.ERB:274行目:#FUNCTIONで始まる関数の戻り値に文字列型が指定されました
		RETURNF "奴隶乳环"
警告Lv2:TATTOO_SYSTEM.ERB:278行目:#FUNCTIONで始まる関数の戻り値に文字列型が指定されました
		RETURNF "普通阴蒂环"
警告Lv2:TATTOO_SYSTEM.ERB:280行目:#FUNCTIONで始まる関数の戻り値に文字列型が指定されました
		RETURNF "银质阴蒂环"
警告Lv2:TATTOO_SYSTEM.ERB:282行目:#FUNCTIONで始まる関数の戻り値に文字列型が指定されました
		RETURNF "金质阴蒂环"
警告Lv2:TATTOO_SYSTEM.ERB:284行目:#FUNCTIONで始まる関数の戻り値に文字列型が指定されました
		RETURNF "钻石阴蒂环"
警告Lv2:TATTOO_SYSTEM.ERB:286行目:#FUNCTIONで始まる関数の戻り値に文字列型が指定されました
		RETURNF "铃铛阴蒂环"
警告Lv2:TATTOO_SYSTEM.ERB:288行目:#FUNCTIONで始まる関数の戻り値に文字列型が指定されました
		RETURNF "锁链阴蒂环"
警告Lv2:TATTOO_SYSTEM.ERB:290行目:#FUNCTIONで始まる関数の戻り値に文字列型が指定されました
		RETURNF "黑桃阴蒂环"
警告Lv2:TATTOO_SYSTEM.ERB:292行目:#FUNCTIONで始まる関数の戻り値に文字列型が指定されました
		RETURNF "BBC阴蒂环"
警告Lv2:TATTOO_SYSTEM.ERB:294行目:#FUNCTIONで始まる関数の戻り値に文字列型が指定されました
		RETURNF "黑人专属阴蒂环"
警告Lv2:TATTOO_SYSTEM.ERB:296行目:#FUNCTIONで始まる関数の戻り値に文字列型が指定されました
		RETURNF "奴隶阴蒂环"
警告Lv2:TATTOO_SYSTEM.ERB:299行目:#FUNCTIONで始まる関数の戻り値に文字列型が指定されました
		RETURNF "未知穿孔"
警告Lv2:TATTOO_SYSTEM.ERB:307行目:#FUNCTIONで始まる関数の戻り値に文字列型が指定されました
		RETURNF "手背"
警告Lv2:TATTOO_SYSTEM.ERB:309行目:#FUNCTIONで始まる関数の戻り値に文字列型が指定されました
		RETURNF "手腕"
警告Lv2:TATTOO_SYSTEM.ERB:311行目:#FUNCTIONで始まる関数の戻り値に文字列型が指定されました
		RETURNF "手臂"
警告Lv2:TATTOO_SYSTEM.ERB:313行目:#FUNCTIONで始まる関数の戻り値に文字列型が指定されました
		RETURNF "肩膀"
警告Lv2:TATTOO_SYSTEM.ERB:315行目:#FUNCTIONで始まる関数の戻り値に文字列型が指定されました
		RETURNF "背部"
警告Lv2:TATTOO_SYSTEM.ERB:317行目:#FUNCTIONで始まる関数の戻り値に文字列型が指定されました
		RETURNF "腰部"
警告Lv2:TATTOO_SYSTEM.ERB:319行目:#FUNCTIONで始まる関数の戻り値に文字列型が指定されました
		RETURNF "小腹"
警告Lv2:TATTOO_SYSTEM.ERB:321行目:#FUNCTIONで始まる関数の戻り値に文字列型が指定されました
		RETURNF "臀部"
警告Lv2:TATTOO_SYSTEM.ERB:323行目:#FUNCTIONで始まる関数の戻り値に文字列型が指定されました
		RETURNF "大腿内侧"
警告Lv2:TATTOO_SYSTEM.ERB:325行目:#FUNCTIONで始まる関数の戻り値に文字列型が指定されました
		RETURNF "膝盖后方"
警告Lv2:TATTOO_SYSTEM.ERB:327行目:#FUNCTIONで始まる関数の戻り値に文字列型が指定されました
		RETURNF "脚踝"
警告Lv2:TATTOO_SYSTEM.ERB:329行目:#FUNCTIONで始まる関数の戻り値に文字列型が指定されました
		RETURNF "乳房"
警告Lv2:TATTOO_SYSTEM.ERB:331行目:#FUNCTIONで始まる関数の戻り値に文字列型が指定されました
		RETURNF "乳头"
警告Lv2:TATTOO_SYSTEM.ERB:333行目:#FUNCTIONで始まる関数の戻り値に文字列型が指定されました
		RETURNF "乳房间"
警告Lv2:TATTOO_SYSTEM.ERB:335行目:#FUNCTIONで始まる関数の戻り値に文字列型が指定されました
		RETURNF "阴部周围"
警告Lv2:TATTOO_SYSTEM.ERB:337行目:#FUNCTIONで始まる関数の戻り値に文字列型が指定されました
		RETURNF "大腿根部"
警告Lv2:TATTOO_SYSTEM.ERB:339行目:#FUNCTIONで始まる関数の戻り値に文字列型が指定されました
		RETURNF "后颈"
警告Lv2:TATTOO_SYSTEM.ERB:341行目:#FUNCTIONで始まる関数の戻り値に文字列型が指定されました
		RETURNF "耳后"
警告Lv2:TATTOO_SYSTEM.ERB:343行目:#FUNCTIONで始まる関数の戻り値に文字列型が指定されました
		RETURNF "舌头"
警告Lv2:TATTOO_SYSTEM.ERB:345行目:#FUNCTIONで始まる関数の戻り値に文字列型が指定されました
		RETURNF "阴蒂"
警告Lv2:TATTOO_SYSTEM.ERB:347行目:#FUNCTIONで始まる関数の戻り値に文字列型が指定されました
		RETURNF "肛门周围"
警告Lv2:TATTOO_SYSTEM.ERB:349行目:#FUNCTIONで始まる関数の戻り値に文字列型が指定されました
		RETURNF "未知部位"
警告Lv2:TATTOO_SYSTEM.ERB:357行目:#FUNCTIONで始まる関数の戻り値に文字列型が指定されました
		RETURNF "左乳头"
警告Lv2:TATTOO_SYSTEM.ERB:359行目:#FUNCTIONで始まる関数の戻り値に文字列型が指定されました
		RETURNF "右乳头"
警告Lv2:TATTOO_SYSTEM.ERB:361行目:#FUNCTIONで始まる関数の戻り値に文字列型が指定されました
		RETURNF "阴蒂"
警告Lv2:TATTOO_SYSTEM.ERB:363行目:#FUNCTIONで始まる関数の戻り値に文字列型が指定されました
		RETURNF "阴唇"
警告Lv2:TATTOO_SYSTEM.ERB:365行目:#FUNCTIONで始まる関数の戻り値に文字列型が指定されました
		RETURNF "肚脐"
警告Lv2:TATTOO_SYSTEM.ERB:367行目:#FUNCTIONで始まる関数の戻り値に文字列型が指定されました
		RETURNF "鼻子"
警告Lv2:TATTOO_SYSTEM.ERB:369行目:#FUNCTIONで始まる関数の戻り値に文字列型が指定されました
		RETURNF "舌头"
警告Lv2:TATTOO_SYSTEM.ERB:371行目:#FUNCTIONで始まる関数の戻り値に文字列型が指定されました
		RETURNF "耳朵"
警告Lv2:TATTOO_SYSTEM.ERB:373行目:#FUNCTIONで始まる関数の戻り値に文字列型が指定されました
		RETURNF "眉毛"
警告Lv2:TATTOO_SYSTEM.ERB:375行目:#FUNCTIONで始まる関数の戻り値に文字列型が指定されました
		RETURNF "脸颊"
警告Lv2:TATTOO_SYSTEM.ERB:377行目:#FUNCTIONで始まる関数の戻り値に文字列型が指定されました
		RETURNF "锁骨"
警告Lv2:TATTOO_SYSTEM.ERB:379行目:#FUNCTIONで始まる関数の戻り値に文字列型が指定されました
		RETURNF "手腕"
警告Lv2:TATTOO_SYSTEM.ERB:381行目:#FUNCTIONで始まる関数の戻り値に文字列型が指定されました
		RETURNF "脚踝"
警告Lv2:TATTOO_SYSTEM.ERB:383行目:#FUNCTIONで始まる関数の戻り値に文字列型が指定されました
		RETURNF "阴部"
警告Lv2:TATTOO_SYSTEM.ERB:385行目:#FUNCTIONで始まる関数の戻り値に文字列型が指定されました
		RETURNF "肛门"
警告Lv2:TATTOO_SYSTEM.ERB:387行目:#FUNCTIONで始まる関数の戻り値に文字列型が指定されました
		RETURNF "未知部位"
警告Lv2:TATTOO_SYSTEM.ERB:494行目:"OR"は解釈できない識別子です
	IF GET_TATTOO(1, 11) != 0 OR GET_TATTOO(1, 12) != 0 OR GET_TATTOO(1, 13) != 0
警告Lv2:TATTOO_SYSTEM.ERB:500行目:"GET_EQUIP"は解釈できない識別子です
IF GET_EQUIP(1) == 1307 OR GET_EQUIP(1) == 0  ; 露脐上衣或没穿上衣
警告Lv2:TATTOO_SYSTEM.ERB:507行目:"GET_EQUIP"は解釈できない識別子です
IF GET_EQUIP(2) == 902 OR GET_EQUIP(2) == 903  ; 短裙或迷你裙
警告Lv2:TATTOO_SYSTEM.ERB:508行目:"OR"は解釈できない識別子です
	IF GET_TATTOO(1, 8) != 0 OR GET_TATTOO(1, 15) != 0
警告Lv2:TITLE.ERB:113行目:指定されたラベル名"$SYSTEM_TITLE"は現在の関数内に存在しません
GOTO SYSTEM_TITLE
警告Lv2:RELATIONSHIP_SYSTEM.ERB:43行目:SHOW_DETAILED_RELATION関数: 引数が多すぎます
	CALL SHOW_DETAILED_RELATION, 1
警告Lv2:RELATIONSHIP_SYSTEM.ERB:45行目:SHOW_DETAILED_RELATION関数: 引数が多すぎます
	CALL SHOW_DETAILED_RELATION, 2
警告Lv2:RELATIONSHIP_SYSTEM.ERB:47行目:SHOW_DETAILED_RELATION関数: 引数が多すぎます
	CALL SHOW_DETAILED_RELATION, 3
警告Lv2:RELATIONSHIP_SYSTEM.ERB:49行目:SHOW_DETAILED_RELATION関数: 引数が多すぎます
	CALL SHOW_DETAILED_RELATION, 4
警告Lv2:ASCII_MAP_SYSTEM.ERB:737行目:"AND"は解釈できない識別子です
IF FLAG:800 == 0 AND FLAG:802 == 0
警告Lv1:RELATIONSHIP_SYSTEM.ERB:65行目:関数宣言に引数変数"ARG"が使われていない関数中で"ARG"が使われています(関数の引数以外の用途に使うことは推奨されません。代わりに#DIMの使用を検討してください)
	IF ARG == 1
警告Lv2:SAVE_SYSTEM.ERB:167行目:指定されたラベル名"$MAIN_MENU"は現在の関数内に存在しません
	GOTO MAIN_MENU
非コメント行数:9824, 全関数合計:341, 被呼出関数合計:93
 
＊＊＊＊＊警告＊＊＊＊＊
  システム関数"RAND"がユーザー定義関数によって上書きされています
  システム関数"MIN"がユーザー定義関数によって上書きされています
  システム関数"MAX"がユーザー定義関数によって上書きされています
 上記の関数を利用するスクリプトは意図通りに動かない可能性があります
 
  ※この警告は該当する式中関数を利用しているEmuera専用スクリプト向けの警告です。
  eramaker用のスクリプトの動作には影響しません。
  今後この警告が不要ならばコンフィグの「システム関数が上書きされたとき警告を表示する」をOFFにして下さい。
＊＊＊＊＊＊＊＊＊＊＊＊
 
【主菜单】
【当前时间：第1天】
【探索进度：0％】
【学院探索度：0％】
 
【当前角色：白清河】
【调查进度：0％】
 
【请选择行动：】
[1] 探索学院
[2] 查看状态
[3] 物品管理
[4] 角色关系
[5] 存档/读档
[0] 结束游戏
 
4
------------------------------------------------------------------------------------
角色关系系统
------------------------------------------------------------------------------------
【当前角色：白清河（退魔师）】
【关系目标：寻找失踪的青梅竹马】
 
[1]柳如梦（青梅竹马） - 失踪0天
[2]学院线索 - 收集度：0％
[3]魔物情报 - 收集度：0％
[4]可疑人物 - 调查度：0％
 
[0]返回主菜单
 
1
RELATIONSHIP_SYSTEM.ERBの43行目でエラーが発生しました:Emuera.NET 1.824+v24+EMv18+EEv55.25c23dc8f425347738783e5ef322561d48c9f155
	CALL SHOW_DETAILED_RELATION, 1
エラー内容：SHOW_DETAILED_RELATION関数: 引数が多すぎます
現在の関数：@SHOW_RELATIONSHIPS（RELATIONSHIP_SYSTEM.ERBの2行目）
関数呼び出しスタック：
EVENTFIRST.ERBの78行目（関数@EVENTFIRST内）
